
17. Printing statistics.

=== spm ===

   Number of wires:                374
   Number of wire bits:            405
   Number of public wires:          39
   Number of public wire bits:      70
   Number of memories:               0
   Number of memory bits:            0
   Number of processes:              0
   Number of cells:                370
     sky130_fd_sc_hd__a21boi_4       1
     sky130_fd_sc_hd__a2bb2o_4      31
     sky130_fd_sc_hd__and2_4        32
     sky130_fd_sc_hd__buf_1        116
     sky130_fd_sc_hd__dfrtp_4       64
     sky130_fd_sc_hd__inv_8         63
     sky130_fd_sc_hd__o22a_4        31
     sky130_fd_sc_hd__or2_4          1
     sky130_fd_sc_hd__xor2_4        31

   Chip area for module '\spm': 5311.344000

