OpenROAD 0.9.0 e582f2522b
This program is licensed under the BSD-3 license. See the LICENSE file for details. 
Components of this program may be licensed under more restrictive licenses which must be honored.
Notice 0: Reading LEF file:  /project/openlane/runs/nm/tmp/merged_unpadded.lef
Notice 0:     Created 11 technology layers
Notice 0:     Created 25 technology vias
Notice 0:     Created 437 library cells
Notice 0: Finished LEF file:  /project/openlane/runs/nm/tmp/merged_unpadded.lef
Notice 0: 
Reading DEF file: /project/openlane/runs/nm/results/routing/nm.def
Notice 0: Design: nm
Notice 0: 		Created 100000 Insts
Notice 0: 		Created 200000 Insts
Notice 0:     Created 32 pins.
Notice 0:     Created 207967 components and 566940 component-terminals.
Notice 0:     Created 2 special nets and 0 connections.
Notice 0:     Created 46208 nets and 151006 connections.
Notice 0: Finished DEF file: /project/openlane/runs/nm/results/routing/nm.def
Notice 0: Split top of 14352 T shapes.
Number of pins violated: 275
Number of nets violated: 169
Total number of nets: 46208
