
Magic 8.3 revision 64 - Compiled on Fri Oct  9 12:13:18 UTC 2020.
Starting magic under Tcl interpreter
Using the terminal as the console.
Using NULL graphics device.
Processing system .magicrc file
Sourcing design .magicrc for technology sky130A ...
2 Magic internal units = 1 Lambda
Input style sky130: scaleFactor=2, multiplier=2
Scaled tech values by 2 / 1 to match internal grid scaling
Loading sky130A Device Generator Menu ...
Loading "/openLANE_flow/scripts/magic_drc.tcl" from command line.
Reading LEF data from file /home/mk/foss/pdks/sky130A/libs.ref/sky130_fd_sc_hd/techlef/sky130_fd_sc_hd.tlef.
This action cannot be undone.
LEF read, Line 61 (Message): Unknown keyword "ANTENNAMODEL" in LEF file; ignoring.
LEF read, Line 62 (Message): Unknown keyword "ANTENNADIFFSIDEAREARATIO" in LEF file; ignoring.
LEF read, Line 95 (Message): Unknown keyword "ANTENNAMODEL" in LEF file; ignoring.
LEF read, Line 96 (Message): Unknown keyword "ANTENNADIFFSIDEAREARATIO" in LEF file; ignoring.
LEF read, Line 102 (Message): Unknown keyword "MAXIMUMDENSITY" in LEF file; ignoring.
LEF read, Line 103 (Message): Unknown keyword "DENSITYCHECKWINDOW" in LEF file; ignoring.
LEF read, Line 104 (Message): Unknown keyword "DENSITYCHECKSTEP" in LEF file; ignoring.
LEF read, Line 142 (Message): Unknown keyword "ANTENNAMODEL" in LEF file; ignoring.
LEF read, Line 143 (Message): Unknown keyword "ANTENNADIFFSIDEAREARATIO" in LEF file; ignoring.
LEF read, Line 145 (Message): Unknown keyword "MAXIMUMDENSITY" in LEF file; ignoring.
LEF read, Line 146 (Message): Unknown keyword "DENSITYCHECKWINDOW" in LEF file; ignoring.
LEF read, Line 147 (Message): Unknown keyword "DENSITYCHECKSTEP" in LEF file; ignoring.
LEF read, Line 183 (Message): Unknown keyword "ANTENNAMODEL" in LEF file; ignoring.
LEF read, Line 184 (Message): Unknown keyword "ANTENNADIFFSIDEAREARATIO" in LEF file; ignoring.
LEF read, Line 186 (Message): Unknown keyword "MAXIMUMDENSITY" in LEF file; ignoring.
LEF read, Line 187 (Message): Unknown keyword "DENSITYCHECKWINDOW" in LEF file; ignoring.
LEF read, Line 188 (Message): Unknown keyword "DENSITYCHECKSTEP" in LEF file; ignoring.
LEF read, Line 224 (Message): Unknown keyword "ANTENNAMODEL" in LEF file; ignoring.
LEF read, Line 225 (Message): Unknown keyword "ANTENNADIFFSIDEAREARATIO" in LEF file; ignoring.
LEF read, Line 227 (Message): Unknown keyword "MAXIMUMDENSITY" in LEF file; ignoring.
LEF read, Line 228 (Message): Unknown keyword "DENSITYCHECKWINDOW" in LEF file; ignoring.
LEF read, Line 229 (Message): Unknown keyword "DENSITYCHECKSTEP" in LEF file; ignoring.
LEF read, Line 265 (Message): Unknown keyword "ANTENNAMODEL" in LEF file; ignoring.
LEF read, Line 266 (Message): Unknown keyword "ANTENNADIFFSIDEAREARATIO" in LEF file; ignoring.
LEF read: Processed 772 lines.
Reading DEF data from file /openLANE_flow/designs/spm/runs/02-11_06-04/results/routing/spm.def.
This action cannot be undone.
  Processed 6 vias total.
Cell sky130_fd_sc_hd__o22a_4 has technology "minimum", but current technology is "sky130A"
Will attempt to read cell anyway.
Scaled magic input cell sky130_fd_sc_hd__o22a_4 geometry by factor of 2
"sky130_fd_sc_hd__o22a_4" has a zero timestamp; it should be written out
    to establish a correct timestamp.
Cell sky130_fd_sc_hd__a2bb2o_4 has technology "minimum", but current technology is "sky130A"
Will attempt to read cell anyway.
Scaled magic input cell sky130_fd_sc_hd__a2bb2o_4 geometry by factor of 2
"sky130_fd_sc_hd__a2bb2o_4" has a zero timestamp; it should be written out
    to establish a correct timestamp.
Cell sky130_fd_sc_hd__xor2_4 has technology "minimum", but current technology is "sky130A"
Will attempt to read cell anyway.
Scaled magic input cell sky130_fd_sc_hd__xor2_4 geometry by factor of 2
"sky130_fd_sc_hd__xor2_4" has a zero timestamp; it should be written out
    to establish a correct timestamp.
Cell sky130_fd_sc_hd__inv_8 has technology "minimum", but current technology is "sky130A"
Will attempt to read cell anyway.
Scaled magic input cell sky130_fd_sc_hd__inv_8 geometry by factor of 2
"sky130_fd_sc_hd__inv_8" has a zero timestamp; it should be written out
    to establish a correct timestamp.
Cell sky130_fd_sc_hd__and2_4 has technology "minimum", but current technology is "sky130A"
Will attempt to read cell anyway.
Scaled magic input cell sky130_fd_sc_hd__and2_4 geometry by factor of 2
"sky130_fd_sc_hd__and2_4" has a zero timestamp; it should be written out
    to establish a correct timestamp.
Cell sky130_fd_sc_hd__buf_1 has technology "minimum", but current technology is "sky130A"
Will attempt to read cell anyway.
Scaled magic input cell sky130_fd_sc_hd__buf_1 geometry by factor of 2
"sky130_fd_sc_hd__buf_1" has a zero timestamp; it should be written out
    to establish a correct timestamp.
Cell sky130_fd_sc_hd__or2_4 has technology "minimum", but current technology is "sky130A"
Will attempt to read cell anyway.
Scaled magic input cell sky130_fd_sc_hd__or2_4 geometry by factor of 2
"sky130_fd_sc_hd__or2_4" has a zero timestamp; it should be written out
    to establish a correct timestamp.
Cell sky130_fd_sc_hd__a21boi_4 has technology "minimum", but current technology is "sky130A"
Will attempt to read cell anyway.
Scaled magic input cell sky130_fd_sc_hd__a21boi_4 geometry by factor of 2
"sky130_fd_sc_hd__a21boi_4" has a zero timestamp; it should be written out
    to establish a correct timestamp.
Cell sky130_fd_sc_hd__dfrtp_4 has technology "minimum", but current technology is "sky130A"
Will attempt to read cell anyway.
Scaled magic input cell sky130_fd_sc_hd__dfrtp_4 geometry by factor of 2
"sky130_fd_sc_hd__dfrtp_4" has a zero timestamp; it should be written out
    to establish a correct timestamp.
Cell sky130_fd_sc_hd__decap_3 has technology "minimum", but current technology is "sky130A"
Will attempt to read cell anyway.
Scaled magic input cell sky130_fd_sc_hd__decap_3 geometry by factor of 2
"sky130_fd_sc_hd__decap_3" has a zero timestamp; it should be written out
    to establish a correct timestamp.
Cell sky130_fd_sc_hd__tapvpwrvgnd_1 has technology "minimum", but current technology is "sky130A"
Will attempt to read cell anyway.
Scaled magic input cell sky130_fd_sc_hd__tapvpwrvgnd_1 geometry by factor of 2
"sky130_fd_sc_hd__tapvpwrvgnd_1" has a zero timestamp; it should be written out
    to establish a correct timestamp.
Cell sky130_fd_sc_hd__clkbuf_16 has technology "minimum", but current technology is "sky130A"
Will attempt to read cell anyway.
Scaled magic input cell sky130_fd_sc_hd__clkbuf_16 geometry by factor of 2
"sky130_fd_sc_hd__clkbuf_16" has a zero timestamp; it should be written out
    to establish a correct timestamp.
Cell sky130_fd_sc_hd__clkbuf_1 has technology "minimum", but current technology is "sky130A"
Will attempt to read cell anyway.
Scaled magic input cell sky130_fd_sc_hd__clkbuf_1 geometry by factor of 2
"sky130_fd_sc_hd__clkbuf_1" has a zero timestamp; it should be written out
    to establish a correct timestamp.
Cell sky130_fd_sc_hd__decap_12 has technology "minimum", but current technology is "sky130A"
Will attempt to read cell anyway.
Scaled magic input cell sky130_fd_sc_hd__decap_12 geometry by factor of 2
"sky130_fd_sc_hd__decap_12" has a zero timestamp; it should be written out
    to establish a correct timestamp.
Cell sky130_fd_sc_hd__decap_4 has technology "minimum", but current technology is "sky130A"
Will attempt to read cell anyway.
Scaled magic input cell sky130_fd_sc_hd__decap_4 geometry by factor of 2
"sky130_fd_sc_hd__decap_4" has a zero timestamp; it should be written out
    to establish a correct timestamp.
Cell sky130_fd_sc_hd__decap_6 has technology "minimum", but current technology is "sky130A"
Will attempt to read cell anyway.
Scaled magic input cell sky130_fd_sc_hd__decap_6 geometry by factor of 2
"sky130_fd_sc_hd__decap_6" has a zero timestamp; it should be written out
    to establish a correct timestamp.
Cell sky130_fd_sc_hd__fill_1 has technology "minimum", but current technology is "sky130A"
Will attempt to read cell anyway.
Scaled magic input cell sky130_fd_sc_hd__fill_1 geometry by factor of 2
"sky130_fd_sc_hd__fill_1" has a zero timestamp; it should be written out
    to establish a correct timestamp.
Cell sky130_fd_sc_hd__decap_8 has technology "minimum", but current technology is "sky130A"
Will attempt to read cell anyway.
Scaled magic input cell sky130_fd_sc_hd__decap_8 geometry by factor of 2
"sky130_fd_sc_hd__decap_8" has a zero timestamp; it should be written out
    to establish a correct timestamp.
Cell sky130_fd_sc_hd__fill_2 has technology "minimum", but current technology is "sky130A"
Will attempt to read cell anyway.
Scaled magic input cell sky130_fd_sc_hd__fill_2 geometry by factor of 2
"sky130_fd_sc_hd__fill_2" has a zero timestamp; it should be written out
    to establish a correct timestamp.
  Processed 1538 subcell instances total.
  Processed 38 pins total.
  Processed 2 special nets total.
  Processed 418 nets total.
DEF read: Processed 7838 lines.
[INFO]: Loading spm

DRC style is now "drc(full)"
Loading DRC CIF style.
[INFO]: COUNT: 1057
[INFO]: Should be divided by 3 or 4
[INFO]: DRC Checking DONE (/openLANE_flow/designs/spm/runs/02-11_06-04/logs/magic/magic.drc)
[INFO]: Saving mag view with DRC errors(/openLANE_flow/designs/spm/runs/02-11_06-04/results/magic/spm.drc.mag)
[INFO]: Saved
