
Magic 8.3 revision 64 - Compiled on Fri Oct  9 12:13:18 UTC 2020.
Starting magic under Tcl interpreter
Using the terminal as the console.
Using NULL graphics device.
Processing system .magicrc file
Sourcing design .magicrc for technology sky130A ...
2 Magic internal units = 1 Lambda
Input style sky130: scaleFactor=2, multiplier=2
Scaled tech values by 2 / 1 to match internal grid scaling
Loading sky130A Device Generator Menu ...
Loading "/openLANE_flow/scripts/magic.tcl" from command line.
Reading LEF data from file /home/mk/foss/pdks/sky130A/libs.ref/sky130_fd_sc_hd/techlef/sky130_fd_sc_hd.tlef.
This action cannot be undone.
LEF read, Line 61 (Message): Unknown keyword "ANTENNAMODEL" in LEF file; ignoring.
LEF read, Line 62 (Message): Unknown keyword "ANTENNADIFFSIDEAREARATIO" in LEF file; ignoring.
LEF read, Line 95 (Message): Unknown keyword "ANTENNAMODEL" in LEF file; ignoring.
LEF read, Line 96 (Message): Unknown keyword "ANTENNADIFFSIDEAREARATIO" in LEF file; ignoring.
LEF read, Line 102 (Message): Unknown keyword "MAXIMUMDENSITY" in LEF file; ignoring.
LEF read, Line 103 (Message): Unknown keyword "DENSITYCHECKWINDOW" in LEF file; ignoring.
LEF read, Line 104 (Message): Unknown keyword "DENSITYCHECKSTEP" in LEF file; ignoring.
LEF read, Line 142 (Message): Unknown keyword "ANTENNAMODEL" in LEF file; ignoring.
LEF read, Line 143 (Message): Unknown keyword "ANTENNADIFFSIDEAREARATIO" in LEF file; ignoring.
LEF read, Line 145 (Message): Unknown keyword "MAXIMUMDENSITY" in LEF file; ignoring.
LEF read, Line 146 (Message): Unknown keyword "DENSITYCHECKWINDOW" in LEF file; ignoring.
LEF read, Line 147 (Message): Unknown keyword "DENSITYCHECKSTEP" in LEF file; ignoring.
LEF read, Line 183 (Message): Unknown keyword "ANTENNAMODEL" in LEF file; ignoring.
LEF read, Line 184 (Message): Unknown keyword "ANTENNADIFFSIDEAREARATIO" in LEF file; ignoring.
LEF read, Line 186 (Message): Unknown keyword "MAXIMUMDENSITY" in LEF file; ignoring.
LEF read, Line 187 (Message): Unknown keyword "DENSITYCHECKWINDOW" in LEF file; ignoring.
LEF read, Line 188 (Message): Unknown keyword "DENSITYCHECKSTEP" in LEF file; ignoring.
LEF read, Line 224 (Message): Unknown keyword "ANTENNAMODEL" in LEF file; ignoring.
LEF read, Line 225 (Message): Unknown keyword "ANTENNADIFFSIDEAREARATIO" in LEF file; ignoring.
LEF read, Line 227 (Message): Unknown keyword "MAXIMUMDENSITY" in LEF file; ignoring.
LEF read, Line 228 (Message): Unknown keyword "DENSITYCHECKWINDOW" in LEF file; ignoring.
LEF read, Line 229 (Message): Unknown keyword "DENSITYCHECKSTEP" in LEF file; ignoring.
LEF read, Line 265 (Message): Unknown keyword "ANTENNAMODEL" in LEF file; ignoring.
LEF read, Line 266 (Message): Unknown keyword "ANTENNADIFFSIDEAREARATIO" in LEF file; ignoring.
LEF read: Processed 772 lines.
Reading DEF data from file /openLANE_flow/designs/spm/runs/02-11_06-04/results/routing/spm.def.
This action cannot be undone.
  Processed 6 vias total.
Cell sky130_fd_sc_hd__o22a_4 couldn't be read
DEF read, Line 159 (Error): Cell sky130_fd_sc_hd__o22a_4 is not defined.  Maybe you have not read the corresponding LEF file?
Cell sky130_fd_sc_hd__a2bb2o_4 couldn't be read
DEF read, Line 160 (Error): Cell sky130_fd_sc_hd__a2bb2o_4 is not defined.  Maybe you have not read the corresponding LEF file?
Cell sky130_fd_sc_hd__xor2_4 couldn't be read
DEF read, Line 161 (Error): Cell sky130_fd_sc_hd__xor2_4 is not defined.  Maybe you have not read the corresponding LEF file?
Cell sky130_fd_sc_hd__inv_8 couldn't be read
DEF read, Line 162 (Error): Cell sky130_fd_sc_hd__inv_8 is not defined.  Maybe you have not read the corresponding LEF file?
Cell sky130_fd_sc_hd__inv_8 couldn't be read
DEF read, Line 163 (Error): Cell sky130_fd_sc_hd__inv_8 is not defined.  Maybe you have not read the corresponding LEF file?
Cell sky130_fd_sc_hd__and2_4 couldn't be read
DEF read, Line 164 (Error): Cell sky130_fd_sc_hd__and2_4 is not defined.  Maybe you have not read the corresponding LEF file?
Cell sky130_fd_sc_hd__buf_1 couldn't be read
DEF read, Line 165 (Error): Cell sky130_fd_sc_hd__buf_1 is not defined.  Maybe you have not read the corresponding LEF file?
Cell sky130_fd_sc_hd__o22a_4 couldn't be read
DEF read, Line 166 (Error): Cell sky130_fd_sc_hd__o22a_4 is not defined.  Maybe you have not read the corresponding LEF file?
Cell sky130_fd_sc_hd__a2bb2o_4 couldn't be read
DEF read, Line 167 (Error): Cell sky130_fd_sc_hd__a2bb2o_4 is not defined.  Maybe you have not read the corresponding LEF file?
Cell sky130_fd_sc_hd__xor2_4 couldn't be read
DEF read, Line 168 (Error): Cell sky130_fd_sc_hd__xor2_4 is not defined.  Maybe you have not read the corresponding LEF file?
Cell sky130_fd_sc_hd__inv_8 couldn't be read
DEF read, Line 169 (Error): Cell sky130_fd_sc_hd__inv_8 is not defined.  Maybe you have not read the corresponding LEF file?
Cell sky130_fd_sc_hd__inv_8 couldn't be read
DEF read, Line 170 (Error): Cell sky130_fd_sc_hd__inv_8 is not defined.  Maybe you have not read the corresponding LEF file?
Cell sky130_fd_sc_hd__and2_4 couldn't be read
DEF read, Line 171 (Error): Cell sky130_fd_sc_hd__and2_4 is not defined.  Maybe you have not read the corresponding LEF file?
Cell sky130_fd_sc_hd__buf_1 couldn't be read
DEF read, Line 172 (Error): Cell sky130_fd_sc_hd__buf_1 is not defined.  Maybe you have not read the corresponding LEF file?
Cell sky130_fd_sc_hd__o22a_4 couldn't be read
DEF read, Line 173 (Error): Cell sky130_fd_sc_hd__o22a_4 is not defined.  Maybe you have not read the corresponding LEF file?
Cell sky130_fd_sc_hd__a2bb2o_4 couldn't be read
DEF read, Line 174 (Error): Cell sky130_fd_sc_hd__a2bb2o_4 is not defined.  Maybe you have not read the corresponding LEF file?
Cell sky130_fd_sc_hd__xor2_4 couldn't be read
DEF read, Line 175 (Error): Cell sky130_fd_sc_hd__xor2_4 is not defined.  Maybe you have not read the corresponding LEF file?
Cell sky130_fd_sc_hd__inv_8 couldn't be read
DEF read, Line 176 (Error): Cell sky130_fd_sc_hd__inv_8 is not defined.  Maybe you have not read the corresponding LEF file?
Cell sky130_fd_sc_hd__inv_8 couldn't be read
DEF read, Line 177 (Error): Cell sky130_fd_sc_hd__inv_8 is not defined.  Maybe you have not read the corresponding LEF file?
Cell sky130_fd_sc_hd__and2_4 couldn't be read
DEF read, Line 178 (Error): Cell sky130_fd_sc_hd__and2_4 is not defined.  Maybe you have not read the corresponding LEF file?
Cell sky130_fd_sc_hd__buf_1 couldn't be read
DEF read, Line 179 (Error): Cell sky130_fd_sc_hd__buf_1 is not defined.  Maybe you have not read the corresponding LEF file?
Cell sky130_fd_sc_hd__o22a_4 couldn't be read
DEF read, Line 180 (Error): Cell sky130_fd_sc_hd__o22a_4 is not defined.  Maybe you have not read the corresponding LEF file?
Cell sky130_fd_sc_hd__a2bb2o_4 couldn't be read
DEF read, Line 181 (Error): Cell sky130_fd_sc_hd__a2bb2o_4 is not defined.  Maybe you have not read the corresponding LEF file?
Cell sky130_fd_sc_hd__xor2_4 couldn't be read
DEF read, Line 182 (Error): Cell sky130_fd_sc_hd__xor2_4 is not defined.  Maybe you have not read the corresponding LEF file?
Cell sky130_fd_sc_hd__buf_1 couldn't be read
DEF read, Line 183 (Error): Cell sky130_fd_sc_hd__buf_1 is not defined.  Maybe you have not read the corresponding LEF file?
Cell sky130_fd_sc_hd__inv_8 couldn't be read
DEF read, Line 184 (Error): Cell sky130_fd_sc_hd__inv_8 is not defined.  Maybe you have not read the corresponding LEF file?
Cell sky130_fd_sc_hd__buf_1 couldn't be read
DEF read, Line 185 (Error): Cell sky130_fd_sc_hd__buf_1 is not defined.  Maybe you have not read the corresponding LEF file?
Cell sky130_fd_sc_hd__buf_1 couldn't be read
DEF read, Line 186 (Error): Cell sky130_fd_sc_hd__buf_1 is not defined.  Maybe you have not read the corresponding LEF file?
Cell sky130_fd_sc_hd__buf_1 couldn't be read
DEF read, Line 187 (Error): Cell sky130_fd_sc_hd__buf_1 is not defined.  Maybe you have not read the corresponding LEF file?
Cell sky130_fd_sc_hd__buf_1 couldn't be read
DEF read, Line 188 (Error): Cell sky130_fd_sc_hd__buf_1 is not defined.  Maybe you have not read the corresponding LEF file?
Cell sky130_fd_sc_hd__buf_1 couldn't be read
DEF read, Line 189 (Error): Cell sky130_fd_sc_hd__buf_1 is not defined.  Maybe you have not read the corresponding LEF file?
Cell sky130_fd_sc_hd__buf_1 couldn't be read
DEF read, Line 190 (Error): Cell sky130_fd_sc_hd__buf_1 is not defined.  Maybe you have not read the corresponding LEF file?
Cell sky130_fd_sc_hd__buf_1 couldn't be read
DEF read, Line 191 (Error): Cell sky130_fd_sc_hd__buf_1 is not defined.  Maybe you have not read the corresponding LEF file?
Cell sky130_fd_sc_hd__buf_1 couldn't be read
DEF read, Line 192 (Error): Cell sky130_fd_sc_hd__buf_1 is not defined.  Maybe you have not read the corresponding LEF file?
Cell sky130_fd_sc_hd__buf_1 couldn't be read
DEF read, Line 193 (Error): Cell sky130_fd_sc_hd__buf_1 is not defined.  Maybe you have not read the corresponding LEF file?
Cell sky130_fd_sc_hd__buf_1 couldn't be read
DEF read, Line 194 (Error): Cell sky130_fd_sc_hd__buf_1 is not defined.  Maybe you have not read the corresponding LEF file?
Cell sky130_fd_sc_hd__buf_1 couldn't be read
DEF read, Line 195 (Error): Cell sky130_fd_sc_hd__buf_1 is not defined.  Maybe you have not read the corresponding LEF file?
Cell sky130_fd_sc_hd__buf_1 couldn't be read
DEF read, Line 196 (Error): Cell sky130_fd_sc_hd__buf_1 is not defined.  Maybe you have not read the corresponding LEF file?
Cell sky130_fd_sc_hd__buf_1 couldn't be read
DEF read, Line 197 (Error): Cell sky130_fd_sc_hd__buf_1 is not defined.  Maybe you have not read the corresponding LEF file?
Cell sky130_fd_sc_hd__buf_1 couldn't be read
DEF read, Line 198 (Error): Cell sky130_fd_sc_hd__buf_1 is not defined.  Maybe you have not read the corresponding LEF file?
Cell sky130_fd_sc_hd__buf_1 couldn't be read
DEF read, Line 199 (Error): Cell sky130_fd_sc_hd__buf_1 is not defined.  Maybe you have not read the corresponding LEF file?
Cell sky130_fd_sc_hd__buf_1 couldn't be read
DEF read, Line 200 (Error): Cell sky130_fd_sc_hd__buf_1 is not defined.  Maybe you have not read the corresponding LEF file?
Cell sky130_fd_sc_hd__buf_1 couldn't be read
DEF read, Line 201 (Error): Cell sky130_fd_sc_hd__buf_1 is not defined.  Maybe you have not read the corresponding LEF file?
Cell sky130_fd_sc_hd__buf_1 couldn't be read
DEF read, Line 202 (Error): Cell sky130_fd_sc_hd__buf_1 is not defined.  Maybe you have not read the corresponding LEF file?
Cell sky130_fd_sc_hd__buf_1 couldn't be read
DEF read, Line 203 (Error): Cell sky130_fd_sc_hd__buf_1 is not defined.  Maybe you have not read the corresponding LEF file?
Cell sky130_fd_sc_hd__buf_1 couldn't be read
DEF read, Line 204 (Error): Cell sky130_fd_sc_hd__buf_1 is not defined.  Maybe you have not read the corresponding LEF file?
Cell sky130_fd_sc_hd__buf_1 couldn't be read
DEF read, Line 205 (Error): Cell sky130_fd_sc_hd__buf_1 is not defined.  Maybe you have not read the corresponding LEF file?
Cell sky130_fd_sc_hd__buf_1 couldn't be read
DEF read, Line 206 (Error): Cell sky130_fd_sc_hd__buf_1 is not defined.  Maybe you have not read the corresponding LEF file?
Cell sky130_fd_sc_hd__buf_1 couldn't be read
DEF read, Line 207 (Error): Cell sky130_fd_sc_hd__buf_1 is not defined.  Maybe you have not read the corresponding LEF file?
Cell sky130_fd_sc_hd__buf_1 couldn't be read
DEF read, Line 208 (Error): Cell sky130_fd_sc_hd__buf_1 is not defined.  Maybe you have not read the corresponding LEF file?
Cell sky130_fd_sc_hd__buf_1 couldn't be read
DEF read, Line 209 (Error): Cell sky130_fd_sc_hd__buf_1 is not defined.  Maybe you have not read the corresponding LEF file?
Cell sky130_fd_sc_hd__buf_1 couldn't be read
DEF read, Line 210 (Error): Cell sky130_fd_sc_hd__buf_1 is not defined.  Maybe you have not read the corresponding LEF file?
Cell sky130_fd_sc_hd__buf_1 couldn't be read
DEF read, Line 211 (Error): Cell sky130_fd_sc_hd__buf_1 is not defined.  Maybe you have not read the corresponding LEF file?
Cell sky130_fd_sc_hd__buf_1 couldn't be read
DEF read, Line 212 (Error): Cell sky130_fd_sc_hd__buf_1 is not defined.  Maybe you have not read the corresponding LEF file?
Cell sky130_fd_sc_hd__buf_1 couldn't be read
DEF read, Line 213 (Error): Cell sky130_fd_sc_hd__buf_1 is not defined.  Maybe you have not read the corresponding LEF file?
Cell sky130_fd_sc_hd__buf_1 couldn't be read
DEF read, Line 214 (Error): Cell sky130_fd_sc_hd__buf_1 is not defined.  Maybe you have not read the corresponding LEF file?
Cell sky130_fd_sc_hd__buf_1 couldn't be read
DEF read, Line 215 (Error): Cell sky130_fd_sc_hd__buf_1 is not defined.  Maybe you have not read the corresponding LEF file?
Cell sky130_fd_sc_hd__buf_1 couldn't be read
DEF read, Line 216 (Error): Cell sky130_fd_sc_hd__buf_1 is not defined.  Maybe you have not read the corresponding LEF file?
Cell sky130_fd_sc_hd__buf_1 couldn't be read
DEF read, Line 217 (Error): Cell sky130_fd_sc_hd__buf_1 is not defined.  Maybe you have not read the corresponding LEF file?
Cell sky130_fd_sc_hd__buf_1 couldn't be read
DEF read, Line 218 (Error): Cell sky130_fd_sc_hd__buf_1 is not defined.  Maybe you have not read the corresponding LEF file?
Cell sky130_fd_sc_hd__buf_1 couldn't be read
DEF read, Line 219 (Error): Cell sky130_fd_sc_hd__buf_1 is not defined.  Maybe you have not read the corresponding LEF file?
Cell sky130_fd_sc_hd__buf_1 couldn't be read
DEF read, Line 220 (Error): Cell sky130_fd_sc_hd__buf_1 is not defined.  Maybe you have not read the corresponding LEF file?
Cell sky130_fd_sc_hd__buf_1 couldn't be read
DEF read, Line 221 (Error): Cell sky130_fd_sc_hd__buf_1 is not defined.  Maybe you have not read the corresponding LEF file?
Cell sky130_fd_sc_hd__buf_1 couldn't be read
DEF read, Line 222 (Error): Cell sky130_fd_sc_hd__buf_1 is not defined.  Maybe you have not read the corresponding LEF file?
Cell sky130_fd_sc_hd__buf_1 couldn't be read
DEF read, Line 223 (Error): Cell sky130_fd_sc_hd__buf_1 is not defined.  Maybe you have not read the corresponding LEF file?
Cell sky130_fd_sc_hd__buf_1 couldn't be read
DEF read, Line 224 (Error): Cell sky130_fd_sc_hd__buf_1 is not defined.  Maybe you have not read the corresponding LEF file?
Cell sky130_fd_sc_hd__buf_1 couldn't be read
DEF read, Line 225 (Error): Cell sky130_fd_sc_hd__buf_1 is not defined.  Maybe you have not read the corresponding LEF file?
Cell sky130_fd_sc_hd__buf_1 couldn't be read
DEF read, Line 226 (Error): Cell sky130_fd_sc_hd__buf_1 is not defined.  Maybe you have not read the corresponding LEF file?
Cell sky130_fd_sc_hd__buf_1 couldn't be read
DEF read, Line 227 (Error): Cell sky130_fd_sc_hd__buf_1 is not defined.  Maybe you have not read the corresponding LEF file?
Cell sky130_fd_sc_hd__buf_1 couldn't be read
DEF read, Line 228 (Error): Cell sky130_fd_sc_hd__buf_1 is not defined.  Maybe you have not read the corresponding LEF file?
Cell sky130_fd_sc_hd__buf_1 couldn't be read
DEF read, Line 229 (Error): Cell sky130_fd_sc_hd__buf_1 is not defined.  Maybe you have not read the corresponding LEF file?
Cell sky130_fd_sc_hd__buf_1 couldn't be read
DEF read, Line 230 (Error): Cell sky130_fd_sc_hd__buf_1 is not defined.  Maybe you have not read the corresponding LEF file?
Cell sky130_fd_sc_hd__buf_1 couldn't be read
DEF read, Line 231 (Error): Cell sky130_fd_sc_hd__buf_1 is not defined.  Maybe you have not read the corresponding LEF file?
Cell sky130_fd_sc_hd__buf_1 couldn't be read
DEF read, Line 232 (Error): Cell sky130_fd_sc_hd__buf_1 is not defined.  Maybe you have not read the corresponding LEF file?
Cell sky130_fd_sc_hd__buf_1 couldn't be read
DEF read, Line 233 (Error): Cell sky130_fd_sc_hd__buf_1 is not defined.  Maybe you have not read the corresponding LEF file?
Cell sky130_fd_sc_hd__buf_1 couldn't be read
DEF read, Line 234 (Error): Cell sky130_fd_sc_hd__buf_1 is not defined.  Maybe you have not read the corresponding LEF file?
Cell sky130_fd_sc_hd__buf_1 couldn't be read
DEF read, Line 235 (Error): Cell sky130_fd_sc_hd__buf_1 is not defined.  Maybe you have not read the corresponding LEF file?
Cell sky130_fd_sc_hd__buf_1 couldn't be read
DEF read, Line 236 (Error): Cell sky130_fd_sc_hd__buf_1 is not defined.  Maybe you have not read the corresponding LEF file?
Cell sky130_fd_sc_hd__buf_1 couldn't be read
DEF read, Line 237 (Error): Cell sky130_fd_sc_hd__buf_1 is not defined.  Maybe you have not read the corresponding LEF file?
Cell sky130_fd_sc_hd__buf_1 couldn't be read
DEF read, Line 238 (Error): Cell sky130_fd_sc_hd__buf_1 is not defined.  Maybe you have not read the corresponding LEF file?
Cell sky130_fd_sc_hd__buf_1 couldn't be read
DEF read, Line 239 (Error): Cell sky130_fd_sc_hd__buf_1 is not defined.  Maybe you have not read the corresponding LEF file?
Cell sky130_fd_sc_hd__buf_1 couldn't be read
DEF read, Line 240 (Error): Cell sky130_fd_sc_hd__buf_1 is not defined.  Maybe you have not read the corresponding LEF file?
Cell sky130_fd_sc_hd__buf_1 couldn't be read
DEF read, Line 241 (Error): Cell sky130_fd_sc_hd__buf_1 is not defined.  Maybe you have not read the corresponding LEF file?
Cell sky130_fd_sc_hd__buf_1 couldn't be read
DEF read, Line 242 (Error): Cell sky130_fd_sc_hd__buf_1 is not defined.  Maybe you have not read the corresponding LEF file?
Cell sky130_fd_sc_hd__buf_1 couldn't be read
DEF read, Line 243 (Error): Cell sky130_fd_sc_hd__buf_1 is not defined.  Maybe you have not read the corresponding LEF file?
Cell sky130_fd_sc_hd__buf_1 couldn't be read
DEF read, Line 244 (Error): Cell sky130_fd_sc_hd__buf_1 is not defined.  Maybe you have not read the corresponding LEF file?
Cell sky130_fd_sc_hd__buf_1 couldn't be read
DEF read, Line 245 (Error): Cell sky130_fd_sc_hd__buf_1 is not defined.  Maybe you have not read the corresponding LEF file?
Cell sky130_fd_sc_hd__buf_1 couldn't be read
DEF read, Line 246 (Error): Cell sky130_fd_sc_hd__buf_1 is not defined.  Maybe you have not read the corresponding LEF file?
Cell sky130_fd_sc_hd__buf_1 couldn't be read
DEF read, Line 247 (Error): Cell sky130_fd_sc_hd__buf_1 is not defined.  Maybe you have not read the corresponding LEF file?
Cell sky130_fd_sc_hd__buf_1 couldn't be read
DEF read, Line 248 (Error): Cell sky130_fd_sc_hd__buf_1 is not defined.  Maybe you have not read the corresponding LEF file?
Cell sky130_fd_sc_hd__buf_1 couldn't be read
DEF read, Line 249 (Error): Cell sky130_fd_sc_hd__buf_1 is not defined.  Maybe you have not read the corresponding LEF file?
Cell sky130_fd_sc_hd__buf_1 couldn't be read
DEF read, Line 250 (Error): Cell sky130_fd_sc_hd__buf_1 is not defined.  Maybe you have not read the corresponding LEF file?
Cell sky130_fd_sc_hd__buf_1 couldn't be read
DEF read, Line 251 (Error): Cell sky130_fd_sc_hd__buf_1 is not defined.  Maybe you have not read the corresponding LEF file?
Cell sky130_fd_sc_hd__buf_1 couldn't be read
DEF read, Line 252 (Error): Cell sky130_fd_sc_hd__buf_1 is not defined.  Maybe you have not read the corresponding LEF file?
Cell sky130_fd_sc_hd__buf_1 couldn't be read
DEF read, Line 253 (Error): Cell sky130_fd_sc_hd__buf_1 is not defined.  Maybe you have not read the corresponding LEF file?
Cell sky130_fd_sc_hd__buf_1 couldn't be read
DEF read, Line 254 (Error): Cell sky130_fd_sc_hd__buf_1 is not defined.  Maybe you have not read the corresponding LEF file?
Cell sky130_fd_sc_hd__buf_1 couldn't be read
DEF read, Line 255 (Error): Cell sky130_fd_sc_hd__buf_1 is not defined.  Maybe you have not read the corresponding LEF file?
Cell sky130_fd_sc_hd__buf_1 couldn't be read
DEF read, Line 256 (Error): Cell sky130_fd_sc_hd__buf_1 is not defined.  Maybe you have not read the corresponding LEF file?
Cell sky130_fd_sc_hd__buf_1 couldn't be read
DEF read, Line 257 (Error): Cell sky130_fd_sc_hd__buf_1 is not defined.  Maybe you have not read the corresponding LEF file?
Cell sky130_fd_sc_hd__buf_1 couldn't be read
DEF read, Line 258 (Error): Cell sky130_fd_sc_hd__buf_1 is not defined.  Maybe you have not read the corresponding LEF file?
Cell sky130_fd_sc_hd__buf_1 couldn't be read
DEF Read:  Further errors will not be reported.
Cell sky130_fd_sc_hd__buf_1 couldn't be read
Cell sky130_fd_sc_hd__buf_1 couldn't be read
Cell sky130_fd_sc_hd__inv_8 couldn't be read
Cell sky130_fd_sc_hd__inv_8 couldn't be read
Cell sky130_fd_sc_hd__buf_1 couldn't be read
Cell sky130_fd_sc_hd__buf_1 couldn't be read
Cell sky130_fd_sc_hd__and2_4 couldn't be read
Cell sky130_fd_sc_hd__buf_1 couldn't be read
Cell sky130_fd_sc_hd__o22a_4 couldn't be read
Cell sky130_fd_sc_hd__a2bb2o_4 couldn't be read
Cell sky130_fd_sc_hd__xor2_4 couldn't be read
Cell sky130_fd_sc_hd__and2_4 couldn't be read
Cell sky130_fd_sc_hd__or2_4 couldn't be read
Cell sky130_fd_sc_hd__a21boi_4 couldn't be read
Cell sky130_fd_sc_hd__inv_8 couldn't be read
Cell sky130_fd_sc_hd__inv_8 couldn't be read
Cell sky130_fd_sc_hd__and2_4 couldn't be read
Cell sky130_fd_sc_hd__buf_1 couldn't be read
Cell sky130_fd_sc_hd__o22a_4 couldn't be read
Cell sky130_fd_sc_hd__a2bb2o_4 couldn't be read
Cell sky130_fd_sc_hd__xor2_4 couldn't be read
Cell sky130_fd_sc_hd__inv_8 couldn't be read
Cell sky130_fd_sc_hd__inv_8 couldn't be read
Cell sky130_fd_sc_hd__and2_4 couldn't be read
Cell sky130_fd_sc_hd__buf_1 couldn't be read
Cell sky130_fd_sc_hd__o22a_4 couldn't be read
Cell sky130_fd_sc_hd__a2bb2o_4 couldn't be read
Cell sky130_fd_sc_hd__xor2_4 couldn't be read
Cell sky130_fd_sc_hd__inv_8 couldn't be read
Cell sky130_fd_sc_hd__inv_8 couldn't be read
Cell sky130_fd_sc_hd__and2_4 couldn't be read
Cell sky130_fd_sc_hd__buf_1 couldn't be read
Cell sky130_fd_sc_hd__o22a_4 couldn't be read
Cell sky130_fd_sc_hd__a2bb2o_4 couldn't be read
Cell sky130_fd_sc_hd__xor2_4 couldn't be read
Cell sky130_fd_sc_hd__inv_8 couldn't be read
Cell sky130_fd_sc_hd__inv_8 couldn't be read
Cell sky130_fd_sc_hd__and2_4 couldn't be read
Cell sky130_fd_sc_hd__buf_1 couldn't be read
Cell sky130_fd_sc_hd__o22a_4 couldn't be read
Cell sky130_fd_sc_hd__a2bb2o_4 couldn't be read
Cell sky130_fd_sc_hd__xor2_4 couldn't be read
Cell sky130_fd_sc_hd__inv_8 couldn't be read
Cell sky130_fd_sc_hd__inv_8 couldn't be read
Cell sky130_fd_sc_hd__buf_1 couldn't be read
Cell sky130_fd_sc_hd__and2_4 couldn't be read
Cell sky130_fd_sc_hd__buf_1 couldn't be read
Cell sky130_fd_sc_hd__o22a_4 couldn't be read
Cell sky130_fd_sc_hd__a2bb2o_4 couldn't be read
Cell sky130_fd_sc_hd__xor2_4 couldn't be read
Cell sky130_fd_sc_hd__inv_8 couldn't be read
Cell sky130_fd_sc_hd__inv_8 couldn't be read
Cell sky130_fd_sc_hd__and2_4 couldn't be read
Cell sky130_fd_sc_hd__buf_1 couldn't be read
Cell sky130_fd_sc_hd__o22a_4 couldn't be read
Cell sky130_fd_sc_hd__a2bb2o_4 couldn't be read
Cell sky130_fd_sc_hd__xor2_4 couldn't be read
Cell sky130_fd_sc_hd__inv_8 couldn't be read
Cell sky130_fd_sc_hd__inv_8 couldn't be read
Cell sky130_fd_sc_hd__and2_4 couldn't be read
Cell sky130_fd_sc_hd__buf_1 couldn't be read
Cell sky130_fd_sc_hd__o22a_4 couldn't be read
Cell sky130_fd_sc_hd__a2bb2o_4 couldn't be read
Cell sky130_fd_sc_hd__xor2_4 couldn't be read
Cell sky130_fd_sc_hd__inv_8 couldn't be read
Cell sky130_fd_sc_hd__inv_8 couldn't be read
Cell sky130_fd_sc_hd__and2_4 couldn't be read
Cell sky130_fd_sc_hd__buf_1 couldn't be read
Cell sky130_fd_sc_hd__o22a_4 couldn't be read
Cell sky130_fd_sc_hd__a2bb2o_4 couldn't be read
Cell sky130_fd_sc_hd__xor2_4 couldn't be read
Cell sky130_fd_sc_hd__inv_8 couldn't be read
Cell sky130_fd_sc_hd__inv_8 couldn't be read
Cell sky130_fd_sc_hd__and2_4 couldn't be read
Cell sky130_fd_sc_hd__buf_1 couldn't be read
Cell sky130_fd_sc_hd__o22a_4 couldn't be read
Cell sky130_fd_sc_hd__a2bb2o_4 couldn't be read
Cell sky130_fd_sc_hd__xor2_4 couldn't be read
Cell sky130_fd_sc_hd__inv_8 couldn't be read
Cell sky130_fd_sc_hd__inv_8 couldn't be read
Cell sky130_fd_sc_hd__buf_1 couldn't be read
Cell sky130_fd_sc_hd__and2_4 couldn't be read
Cell sky130_fd_sc_hd__buf_1 couldn't be read
Cell sky130_fd_sc_hd__o22a_4 couldn't be read
Cell sky130_fd_sc_hd__a2bb2o_4 couldn't be read
Cell sky130_fd_sc_hd__xor2_4 couldn't be read
Cell sky130_fd_sc_hd__inv_8 couldn't be read
Cell sky130_fd_sc_hd__inv_8 couldn't be read
Cell sky130_fd_sc_hd__and2_4 couldn't be read
Cell sky130_fd_sc_hd__buf_1 couldn't be read
Cell sky130_fd_sc_hd__o22a_4 couldn't be read
Cell sky130_fd_sc_hd__a2bb2o_4 couldn't be read
Cell sky130_fd_sc_hd__xor2_4 couldn't be read
Cell sky130_fd_sc_hd__inv_8 couldn't be read
Cell sky130_fd_sc_hd__inv_8 couldn't be read
Cell sky130_fd_sc_hd__and2_4 couldn't be read
Cell sky130_fd_sc_hd__buf_1 couldn't be read
Cell sky130_fd_sc_hd__o22a_4 couldn't be read
Cell sky130_fd_sc_hd__a2bb2o_4 couldn't be read
Cell sky130_fd_sc_hd__xor2_4 couldn't be read
Cell sky130_fd_sc_hd__inv_8 couldn't be read
Cell sky130_fd_sc_hd__inv_8 couldn't be read
Cell sky130_fd_sc_hd__and2_4 couldn't be read
Cell sky130_fd_sc_hd__buf_1 couldn't be read
Cell sky130_fd_sc_hd__o22a_4 couldn't be read
Cell sky130_fd_sc_hd__a2bb2o_4 couldn't be read
Cell sky130_fd_sc_hd__xor2_4 couldn't be read
Cell sky130_fd_sc_hd__inv_8 couldn't be read
Cell sky130_fd_sc_hd__inv_8 couldn't be read
Cell sky130_fd_sc_hd__and2_4 couldn't be read
Cell sky130_fd_sc_hd__buf_1 couldn't be read
Cell sky130_fd_sc_hd__o22a_4 couldn't be read
Cell sky130_fd_sc_hd__a2bb2o_4 couldn't be read
Cell sky130_fd_sc_hd__xor2_4 couldn't be read
Cell sky130_fd_sc_hd__inv_8 couldn't be read
Cell sky130_fd_sc_hd__inv_8 couldn't be read
Cell sky130_fd_sc_hd__buf_1 couldn't be read
Cell sky130_fd_sc_hd__and2_4 couldn't be read
Cell sky130_fd_sc_hd__buf_1 couldn't be read
Cell sky130_fd_sc_hd__o22a_4 couldn't be read
Cell sky130_fd_sc_hd__a2bb2o_4 couldn't be read
Cell sky130_fd_sc_hd__xor2_4 couldn't be read
Cell sky130_fd_sc_hd__inv_8 couldn't be read
Cell sky130_fd_sc_hd__inv_8 couldn't be read
Cell sky130_fd_sc_hd__and2_4 couldn't be read
Cell sky130_fd_sc_hd__buf_1 couldn't be read
Cell sky130_fd_sc_hd__o22a_4 couldn't be read
Cell sky130_fd_sc_hd__a2bb2o_4 couldn't be read
Cell sky130_fd_sc_hd__xor2_4 couldn't be read
Cell sky130_fd_sc_hd__inv_8 couldn't be read
Cell sky130_fd_sc_hd__inv_8 couldn't be read
Cell sky130_fd_sc_hd__and2_4 couldn't be read
Cell sky130_fd_sc_hd__buf_1 couldn't be read
Cell sky130_fd_sc_hd__o22a_4 couldn't be read
Cell sky130_fd_sc_hd__a2bb2o_4 couldn't be read
Cell sky130_fd_sc_hd__xor2_4 couldn't be read
Cell sky130_fd_sc_hd__inv_8 couldn't be read
Cell sky130_fd_sc_hd__inv_8 couldn't be read
Cell sky130_fd_sc_hd__and2_4 couldn't be read
Cell sky130_fd_sc_hd__buf_1 couldn't be read
Cell sky130_fd_sc_hd__o22a_4 couldn't be read
Cell sky130_fd_sc_hd__a2bb2o_4 couldn't be read
Cell sky130_fd_sc_hd__xor2_4 couldn't be read
Cell sky130_fd_sc_hd__inv_8 couldn't be read
Cell sky130_fd_sc_hd__inv_8 couldn't be read
Cell sky130_fd_sc_hd__and2_4 couldn't be read
Cell sky130_fd_sc_hd__buf_1 couldn't be read
Cell sky130_fd_sc_hd__o22a_4 couldn't be read
Cell sky130_fd_sc_hd__a2bb2o_4 couldn't be read
Cell sky130_fd_sc_hd__xor2_4 couldn't be read
Cell sky130_fd_sc_hd__inv_8 couldn't be read
Cell sky130_fd_sc_hd__inv_8 couldn't be read
Cell sky130_fd_sc_hd__buf_1 couldn't be read
Cell sky130_fd_sc_hd__and2_4 couldn't be read
Cell sky130_fd_sc_hd__buf_1 couldn't be read
Cell sky130_fd_sc_hd__o22a_4 couldn't be read
Cell sky130_fd_sc_hd__a2bb2o_4 couldn't be read
Cell sky130_fd_sc_hd__xor2_4 couldn't be read
Cell sky130_fd_sc_hd__inv_8 couldn't be read
Cell sky130_fd_sc_hd__inv_8 couldn't be read
Cell sky130_fd_sc_hd__and2_4 couldn't be read
Cell sky130_fd_sc_hd__buf_1 couldn't be read
Cell sky130_fd_sc_hd__o22a_4 couldn't be read
Cell sky130_fd_sc_hd__a2bb2o_4 couldn't be read
Cell sky130_fd_sc_hd__xor2_4 couldn't be read
Cell sky130_fd_sc_hd__inv_8 couldn't be read
Cell sky130_fd_sc_hd__inv_8 couldn't be read
Cell sky130_fd_sc_hd__and2_4 couldn't be read
Cell sky130_fd_sc_hd__buf_1 couldn't be read
Cell sky130_fd_sc_hd__o22a_4 couldn't be read
Cell sky130_fd_sc_hd__a2bb2o_4 couldn't be read
Cell sky130_fd_sc_hd__xor2_4 couldn't be read
Cell sky130_fd_sc_hd__inv_8 couldn't be read
Cell sky130_fd_sc_hd__inv_8 couldn't be read
Cell sky130_fd_sc_hd__and2_4 couldn't be read
Cell sky130_fd_sc_hd__buf_1 couldn't be read
Cell sky130_fd_sc_hd__o22a_4 couldn't be read
Cell sky130_fd_sc_hd__a2bb2o_4 couldn't be read
Cell sky130_fd_sc_hd__xor2_4 couldn't be read
Cell sky130_fd_sc_hd__inv_8 couldn't be read
Cell sky130_fd_sc_hd__inv_8 couldn't be read
Cell sky130_fd_sc_hd__and2_4 couldn't be read
Cell sky130_fd_sc_hd__buf_1 couldn't be read
Cell sky130_fd_sc_hd__o22a_4 couldn't be read
Cell sky130_fd_sc_hd__a2bb2o_4 couldn't be read
Cell sky130_fd_sc_hd__xor2_4 couldn't be read
Cell sky130_fd_sc_hd__inv_8 couldn't be read
Cell sky130_fd_sc_hd__inv_8 couldn't be read
Cell sky130_fd_sc_hd__buf_1 couldn't be read
Cell sky130_fd_sc_hd__and2_4 couldn't be read
Cell sky130_fd_sc_hd__buf_1 couldn't be read
Cell sky130_fd_sc_hd__o22a_4 couldn't be read
Cell sky130_fd_sc_hd__a2bb2o_4 couldn't be read
Cell sky130_fd_sc_hd__xor2_4 couldn't be read
Cell sky130_fd_sc_hd__inv_8 couldn't be read
Cell sky130_fd_sc_hd__inv_8 couldn't be read
Cell sky130_fd_sc_hd__and2_4 couldn't be read
Cell sky130_fd_sc_hd__buf_1 couldn't be read
Cell sky130_fd_sc_hd__o22a_4 couldn't be read
Cell sky130_fd_sc_hd__a2bb2o_4 couldn't be read
Cell sky130_fd_sc_hd__xor2_4 couldn't be read
Cell sky130_fd_sc_hd__inv_8 couldn't be read
Cell sky130_fd_sc_hd__inv_8 couldn't be read
Cell sky130_fd_sc_hd__and2_4 couldn't be read
Cell sky130_fd_sc_hd__buf_1 couldn't be read
Cell sky130_fd_sc_hd__dfrtp_4 couldn't be read
Cell sky130_fd_sc_hd__dfrtp_4 couldn't be read
Cell sky130_fd_sc_hd__dfrtp_4 couldn't be read
Cell sky130_fd_sc_hd__dfrtp_4 couldn't be read
Cell sky130_fd_sc_hd__dfrtp_4 couldn't be read
Cell sky130_fd_sc_hd__dfrtp_4 couldn't be read
Cell sky130_fd_sc_hd__dfrtp_4 couldn't be read
Cell sky130_fd_sc_hd__dfrtp_4 couldn't be read
Cell sky130_fd_sc_hd__dfrtp_4 couldn't be read
Cell sky130_fd_sc_hd__dfrtp_4 couldn't be read
Cell sky130_fd_sc_hd__dfrtp_4 couldn't be read
Cell sky130_fd_sc_hd__dfrtp_4 couldn't be read
Cell sky130_fd_sc_hd__dfrtp_4 couldn't be read
Cell sky130_fd_sc_hd__dfrtp_4 couldn't be read
Cell sky130_fd_sc_hd__dfrtp_4 couldn't be read
Cell sky130_fd_sc_hd__dfrtp_4 couldn't be read
Cell sky130_fd_sc_hd__dfrtp_4 couldn't be read
Cell sky130_fd_sc_hd__dfrtp_4 couldn't be read
Cell sky130_fd_sc_hd__dfrtp_4 couldn't be read
Cell sky130_fd_sc_hd__dfrtp_4 couldn't be read
Cell sky130_fd_sc_hd__dfrtp_4 couldn't be read
Cell sky130_fd_sc_hd__dfrtp_4 couldn't be read
Cell sky130_fd_sc_hd__dfrtp_4 couldn't be read
Cell sky130_fd_sc_hd__dfrtp_4 couldn't be read
Cell sky130_fd_sc_hd__dfrtp_4 couldn't be read
Cell sky130_fd_sc_hd__dfrtp_4 couldn't be read
Cell sky130_fd_sc_hd__dfrtp_4 couldn't be read
Cell sky130_fd_sc_hd__dfrtp_4 couldn't be read
Cell sky130_fd_sc_hd__dfrtp_4 couldn't be read
Cell sky130_fd_sc_hd__dfrtp_4 couldn't be read
Cell sky130_fd_sc_hd__dfrtp_4 couldn't be read
Cell sky130_fd_sc_hd__dfrtp_4 couldn't be read
Cell sky130_fd_sc_hd__dfrtp_4 couldn't be read
Cell sky130_fd_sc_hd__dfrtp_4 couldn't be read
Cell sky130_fd_sc_hd__dfrtp_4 couldn't be read
Cell sky130_fd_sc_hd__dfrtp_4 couldn't be read
Cell sky130_fd_sc_hd__dfrtp_4 couldn't be read
Cell sky130_fd_sc_hd__dfrtp_4 couldn't be read
Cell sky130_fd_sc_hd__dfrtp_4 couldn't be read
Cell sky130_fd_sc_hd__dfrtp_4 couldn't be read
Cell sky130_fd_sc_hd__dfrtp_4 couldn't be read
Cell sky130_fd_sc_hd__dfrtp_4 couldn't be read
Cell sky130_fd_sc_hd__dfrtp_4 couldn't be read
Cell sky130_fd_sc_hd__dfrtp_4 couldn't be read
Cell sky130_fd_sc_hd__dfrtp_4 couldn't be read
Cell sky130_fd_sc_hd__dfrtp_4 couldn't be read
Cell sky130_fd_sc_hd__dfrtp_4 couldn't be read
Cell sky130_fd_sc_hd__dfrtp_4 couldn't be read
Cell sky130_fd_sc_hd__dfrtp_4 couldn't be read
Cell sky130_fd_sc_hd__dfrtp_4 couldn't be read
Cell sky130_fd_sc_hd__dfrtp_4 couldn't be read
Cell sky130_fd_sc_hd__dfrtp_4 couldn't be read
Cell sky130_fd_sc_hd__dfrtp_4 couldn't be read
Cell sky130_fd_sc_hd__dfrtp_4 couldn't be read
Cell sky130_fd_sc_hd__dfrtp_4 couldn't be read
Cell sky130_fd_sc_hd__dfrtp_4 couldn't be read
Cell sky130_fd_sc_hd__dfrtp_4 couldn't be read
Cell sky130_fd_sc_hd__dfrtp_4 couldn't be read
Cell sky130_fd_sc_hd__dfrtp_4 couldn't be read
Cell sky130_fd_sc_hd__dfrtp_4 couldn't be read
Cell sky130_fd_sc_hd__dfrtp_4 couldn't be read
Cell sky130_fd_sc_hd__dfrtp_4 couldn't be read
Cell sky130_fd_sc_hd__dfrtp_4 couldn't be read
Cell sky130_fd_sc_hd__dfrtp_4 couldn't be read
Cell sky130_fd_sc_hd__decap_3 couldn't be read
Cell sky130_fd_sc_hd__decap_3 couldn't be read
Cell sky130_fd_sc_hd__decap_3 couldn't be read
Cell sky130_fd_sc_hd__decap_3 couldn't be read
Cell sky130_fd_sc_hd__decap_3 couldn't be read
Cell sky130_fd_sc_hd__decap_3 couldn't be read
Cell sky130_fd_sc_hd__decap_3 couldn't be read
Cell sky130_fd_sc_hd__decap_3 couldn't be read
Cell sky130_fd_sc_hd__decap_3 couldn't be read
Cell sky130_fd_sc_hd__decap_3 couldn't be read
Cell sky130_fd_sc_hd__decap_3 couldn't be read
Cell sky130_fd_sc_hd__decap_3 couldn't be read
Cell sky130_fd_sc_hd__decap_3 couldn't be read
Cell sky130_fd_sc_hd__decap_3 couldn't be read
Cell sky130_fd_sc_hd__decap_3 couldn't be read
Cell sky130_fd_sc_hd__decap_3 couldn't be read
Cell sky130_fd_sc_hd__decap_3 couldn't be read
Cell sky130_fd_sc_hd__decap_3 couldn't be read
Cell sky130_fd_sc_hd__decap_3 couldn't be read
Cell sky130_fd_sc_hd__decap_3 couldn't be read
Cell sky130_fd_sc_hd__decap_3 couldn't be read
Cell sky130_fd_sc_hd__decap_3 couldn't be read
Cell sky130_fd_sc_hd__decap_3 couldn't be read
Cell sky130_fd_sc_hd__decap_3 couldn't be read
Cell sky130_fd_sc_hd__decap_3 couldn't be read
Cell sky130_fd_sc_hd__decap_3 couldn't be read
Cell sky130_fd_sc_hd__decap_3 couldn't be read
Cell sky130_fd_sc_hd__decap_3 couldn't be read
Cell sky130_fd_sc_hd__decap_3 couldn't be read
Cell sky130_fd_sc_hd__decap_3 couldn't be read
Cell sky130_fd_sc_hd__decap_3 couldn't be read
Cell sky130_fd_sc_hd__decap_3 couldn't be read
Cell sky130_fd_sc_hd__decap_3 couldn't be read
Cell sky130_fd_sc_hd__decap_3 couldn't be read
Cell sky130_fd_sc_hd__decap_3 couldn't be read
Cell sky130_fd_sc_hd__decap_3 couldn't be read
Cell sky130_fd_sc_hd__decap_3 couldn't be read
Cell sky130_fd_sc_hd__decap_3 couldn't be read
Cell sky130_fd_sc_hd__decap_3 couldn't be read
Cell sky130_fd_sc_hd__decap_3 couldn't be read
Cell sky130_fd_sc_hd__decap_3 couldn't be read
Cell sky130_fd_sc_hd__decap_3 couldn't be read
Cell sky130_fd_sc_hd__decap_3 couldn't be read
Cell sky130_fd_sc_hd__decap_3 couldn't be read
Cell sky130_fd_sc_hd__decap_3 couldn't be read
Cell sky130_fd_sc_hd__decap_3 couldn't be read
Cell sky130_fd_sc_hd__decap_3 couldn't be read
Cell sky130_fd_sc_hd__decap_3 couldn't be read
Cell sky130_fd_sc_hd__decap_3 couldn't be read
Cell sky130_fd_sc_hd__decap_3 couldn't be read
Cell sky130_fd_sc_hd__decap_3 couldn't be read
Cell sky130_fd_sc_hd__decap_3 couldn't be read
Cell sky130_fd_sc_hd__decap_3 couldn't be read
Cell sky130_fd_sc_hd__decap_3 couldn't be read
Cell sky130_fd_sc_hd__decap_3 couldn't be read
Cell sky130_fd_sc_hd__decap_3 couldn't be read
Cell sky130_fd_sc_hd__decap_3 couldn't be read
Cell sky130_fd_sc_hd__decap_3 couldn't be read
Cell sky130_fd_sc_hd__decap_3 couldn't be read
Cell sky130_fd_sc_hd__decap_3 couldn't be read
Cell sky130_fd_sc_hd__decap_3 couldn't be read
Cell sky130_fd_sc_hd__decap_3 couldn't be read
Cell sky130_fd_sc_hd__decap_3 couldn't be read
Cell sky130_fd_sc_hd__decap_3 couldn't be read
Cell sky130_fd_sc_hd__decap_3 couldn't be read
Cell sky130_fd_sc_hd__decap_3 couldn't be read
Cell sky130_fd_sc_hd__decap_3 couldn't be read
Cell sky130_fd_sc_hd__decap_3 couldn't be read
Cell sky130_fd_sc_hd__decap_3 couldn't be read
Cell sky130_fd_sc_hd__decap_3 couldn't be read
Cell sky130_fd_sc_hd__decap_3 couldn't be read
Cell sky130_fd_sc_hd__decap_3 couldn't be read
Cell sky130_fd_sc_hd__decap_3 couldn't be read
Cell sky130_fd_sc_hd__decap_3 couldn't be read
Cell sky130_fd_sc_hd__decap_3 couldn't be read
Cell sky130_fd_sc_hd__decap_3 couldn't be read
Cell sky130_fd_sc_hd__decap_3 couldn't be read
Cell sky130_fd_sc_hd__decap_3 couldn't be read
Cell sky130_fd_sc_hd__decap_3 couldn't be read
Cell sky130_fd_sc_hd__decap_3 couldn't be read
Cell sky130_fd_sc_hd__decap_3 couldn't be read
Cell sky130_fd_sc_hd__decap_3 couldn't be read
Cell sky130_fd_sc_hd__decap_3 couldn't be read
Cell sky130_fd_sc_hd__decap_3 couldn't be read
Cell sky130_fd_sc_hd__decap_3 couldn't be read
Cell sky130_fd_sc_hd__decap_3 couldn't be read
Cell sky130_fd_sc_hd__tapvpwrvgnd_1 couldn't be read
Cell sky130_fd_sc_hd__tapvpwrvgnd_1 couldn't be read
Cell sky130_fd_sc_hd__tapvpwrvgnd_1 couldn't be read
Cell sky130_fd_sc_hd__tapvpwrvgnd_1 couldn't be read
Cell sky130_fd_sc_hd__tapvpwrvgnd_1 couldn't be read
Cell sky130_fd_sc_hd__tapvpwrvgnd_1 couldn't be read
Cell sky130_fd_sc_hd__tapvpwrvgnd_1 couldn't be read
Cell sky130_fd_sc_hd__tapvpwrvgnd_1 couldn't be read
Cell sky130_fd_sc_hd__tapvpwrvgnd_1 couldn't be read
Cell sky130_fd_sc_hd__tapvpwrvgnd_1 couldn't be read
Cell sky130_fd_sc_hd__tapvpwrvgnd_1 couldn't be read
Cell sky130_fd_sc_hd__tapvpwrvgnd_1 couldn't be read
Cell sky130_fd_sc_hd__tapvpwrvgnd_1 couldn't be read
Cell sky130_fd_sc_hd__tapvpwrvgnd_1 couldn't be read
Cell sky130_fd_sc_hd__tapvpwrvgnd_1 couldn't be read
Cell sky130_fd_sc_hd__tapvpwrvgnd_1 couldn't be read
Cell sky130_fd_sc_hd__tapvpwrvgnd_1 couldn't be read
Cell sky130_fd_sc_hd__tapvpwrvgnd_1 couldn't be read
Cell sky130_fd_sc_hd__tapvpwrvgnd_1 couldn't be read
Cell sky130_fd_sc_hd__tapvpwrvgnd_1 couldn't be read
Cell sky130_fd_sc_hd__tapvpwrvgnd_1 couldn't be read
Cell sky130_fd_sc_hd__tapvpwrvgnd_1 couldn't be read
Cell sky130_fd_sc_hd__tapvpwrvgnd_1 couldn't be read
Cell sky130_fd_sc_hd__tapvpwrvgnd_1 couldn't be read
Cell sky130_fd_sc_hd__tapvpwrvgnd_1 couldn't be read
Cell sky130_fd_sc_hd__tapvpwrvgnd_1 couldn't be read
Cell sky130_fd_sc_hd__tapvpwrvgnd_1 couldn't be read
Cell sky130_fd_sc_hd__tapvpwrvgnd_1 couldn't be read
Cell sky130_fd_sc_hd__tapvpwrvgnd_1 couldn't be read
Cell sky130_fd_sc_hd__tapvpwrvgnd_1 couldn't be read
Cell sky130_fd_sc_hd__tapvpwrvgnd_1 couldn't be read
Cell sky130_fd_sc_hd__tapvpwrvgnd_1 couldn't be read
Cell sky130_fd_sc_hd__tapvpwrvgnd_1 couldn't be read
Cell sky130_fd_sc_hd__tapvpwrvgnd_1 couldn't be read
Cell sky130_fd_sc_hd__tapvpwrvgnd_1 couldn't be read
Cell sky130_fd_sc_hd__tapvpwrvgnd_1 couldn't be read
Cell sky130_fd_sc_hd__tapvpwrvgnd_1 couldn't be read
Cell sky130_fd_sc_hd__tapvpwrvgnd_1 couldn't be read
Cell sky130_fd_sc_hd__tapvpwrvgnd_1 couldn't be read
Cell sky130_fd_sc_hd__tapvpwrvgnd_1 couldn't be read
Cell sky130_fd_sc_hd__tapvpwrvgnd_1 couldn't be read
Cell sky130_fd_sc_hd__tapvpwrvgnd_1 couldn't be read
Cell sky130_fd_sc_hd__tapvpwrvgnd_1 couldn't be read
Cell sky130_fd_sc_hd__tapvpwrvgnd_1 couldn't be read
Cell sky130_fd_sc_hd__tapvpwrvgnd_1 couldn't be read
Cell sky130_fd_sc_hd__tapvpwrvgnd_1 couldn't be read
Cell sky130_fd_sc_hd__tapvpwrvgnd_1 couldn't be read
Cell sky130_fd_sc_hd__tapvpwrvgnd_1 couldn't be read
Cell sky130_fd_sc_hd__tapvpwrvgnd_1 couldn't be read
Cell sky130_fd_sc_hd__tapvpwrvgnd_1 couldn't be read
Cell sky130_fd_sc_hd__tapvpwrvgnd_1 couldn't be read
Cell sky130_fd_sc_hd__tapvpwrvgnd_1 couldn't be read
Cell sky130_fd_sc_hd__tapvpwrvgnd_1 couldn't be read
Cell sky130_fd_sc_hd__tapvpwrvgnd_1 couldn't be read
Cell sky130_fd_sc_hd__tapvpwrvgnd_1 couldn't be read
Cell sky130_fd_sc_hd__tapvpwrvgnd_1 couldn't be read
Cell sky130_fd_sc_hd__tapvpwrvgnd_1 couldn't be read
Cell sky130_fd_sc_hd__tapvpwrvgnd_1 couldn't be read
Cell sky130_fd_sc_hd__tapvpwrvgnd_1 couldn't be read
Cell sky130_fd_sc_hd__tapvpwrvgnd_1 couldn't be read
Cell sky130_fd_sc_hd__tapvpwrvgnd_1 couldn't be read
Cell sky130_fd_sc_hd__tapvpwrvgnd_1 couldn't be read
Cell sky130_fd_sc_hd__tapvpwrvgnd_1 couldn't be read
Cell sky130_fd_sc_hd__tapvpwrvgnd_1 couldn't be read
Cell sky130_fd_sc_hd__tapvpwrvgnd_1 couldn't be read
Cell sky130_fd_sc_hd__tapvpwrvgnd_1 couldn't be read
Cell sky130_fd_sc_hd__tapvpwrvgnd_1 couldn't be read
Cell sky130_fd_sc_hd__tapvpwrvgnd_1 couldn't be read
Cell sky130_fd_sc_hd__tapvpwrvgnd_1 couldn't be read
Cell sky130_fd_sc_hd__tapvpwrvgnd_1 couldn't be read
Cell sky130_fd_sc_hd__tapvpwrvgnd_1 couldn't be read
Cell sky130_fd_sc_hd__tapvpwrvgnd_1 couldn't be read
Cell sky130_fd_sc_hd__tapvpwrvgnd_1 couldn't be read
Cell sky130_fd_sc_hd__tapvpwrvgnd_1 couldn't be read
Cell sky130_fd_sc_hd__tapvpwrvgnd_1 couldn't be read
Cell sky130_fd_sc_hd__tapvpwrvgnd_1 couldn't be read
Cell sky130_fd_sc_hd__tapvpwrvgnd_1 couldn't be read
Cell sky130_fd_sc_hd__tapvpwrvgnd_1 couldn't be read
Cell sky130_fd_sc_hd__tapvpwrvgnd_1 couldn't be read
Cell sky130_fd_sc_hd__tapvpwrvgnd_1 couldn't be read
Cell sky130_fd_sc_hd__tapvpwrvgnd_1 couldn't be read
Cell sky130_fd_sc_hd__tapvpwrvgnd_1 couldn't be read
Cell sky130_fd_sc_hd__tapvpwrvgnd_1 couldn't be read
Cell sky130_fd_sc_hd__tapvpwrvgnd_1 couldn't be read
Cell sky130_fd_sc_hd__tapvpwrvgnd_1 couldn't be read
Cell sky130_fd_sc_hd__tapvpwrvgnd_1 couldn't be read
Cell sky130_fd_sc_hd__tapvpwrvgnd_1 couldn't be read
Cell sky130_fd_sc_hd__tapvpwrvgnd_1 couldn't be read
Cell sky130_fd_sc_hd__tapvpwrvgnd_1 couldn't be read
Cell sky130_fd_sc_hd__tapvpwrvgnd_1 couldn't be read
Cell sky130_fd_sc_hd__tapvpwrvgnd_1 couldn't be read
Cell sky130_fd_sc_hd__tapvpwrvgnd_1 couldn't be read
Cell sky130_fd_sc_hd__tapvpwrvgnd_1 couldn't be read
Cell sky130_fd_sc_hd__tapvpwrvgnd_1 couldn't be read
Cell sky130_fd_sc_hd__tapvpwrvgnd_1 couldn't be read
Cell sky130_fd_sc_hd__tapvpwrvgnd_1 couldn't be read
Cell sky130_fd_sc_hd__tapvpwrvgnd_1 couldn't be read
Cell sky130_fd_sc_hd__tapvpwrvgnd_1 couldn't be read
Cell sky130_fd_sc_hd__tapvpwrvgnd_1 couldn't be read
Cell sky130_fd_sc_hd__tapvpwrvgnd_1 couldn't be read
Cell sky130_fd_sc_hd__tapvpwrvgnd_1 couldn't be read
Cell sky130_fd_sc_hd__tapvpwrvgnd_1 couldn't be read
Cell sky130_fd_sc_hd__tapvpwrvgnd_1 couldn't be read
Cell sky130_fd_sc_hd__tapvpwrvgnd_1 couldn't be read
Cell sky130_fd_sc_hd__tapvpwrvgnd_1 couldn't be read
Cell sky130_fd_sc_hd__tapvpwrvgnd_1 couldn't be read
Cell sky130_fd_sc_hd__tapvpwrvgnd_1 couldn't be read
Cell sky130_fd_sc_hd__tapvpwrvgnd_1 couldn't be read
Cell sky130_fd_sc_hd__tapvpwrvgnd_1 couldn't be read
Cell sky130_fd_sc_hd__tapvpwrvgnd_1 couldn't be read
Cell sky130_fd_sc_hd__tapvpwrvgnd_1 couldn't be read
Cell sky130_fd_sc_hd__tapvpwrvgnd_1 couldn't be read
Cell sky130_fd_sc_hd__tapvpwrvgnd_1 couldn't be read
Cell sky130_fd_sc_hd__tapvpwrvgnd_1 couldn't be read
Cell sky130_fd_sc_hd__tapvpwrvgnd_1 couldn't be read
Cell sky130_fd_sc_hd__tapvpwrvgnd_1 couldn't be read
Cell sky130_fd_sc_hd__tapvpwrvgnd_1 couldn't be read
Cell sky130_fd_sc_hd__tapvpwrvgnd_1 couldn't be read
Cell sky130_fd_sc_hd__tapvpwrvgnd_1 couldn't be read
Cell sky130_fd_sc_hd__tapvpwrvgnd_1 couldn't be read
Cell sky130_fd_sc_hd__tapvpwrvgnd_1 couldn't be read
Cell sky130_fd_sc_hd__tapvpwrvgnd_1 couldn't be read
Cell sky130_fd_sc_hd__tapvpwrvgnd_1 couldn't be read
Cell sky130_fd_sc_hd__tapvpwrvgnd_1 couldn't be read
Cell sky130_fd_sc_hd__tapvpwrvgnd_1 couldn't be read
Cell sky130_fd_sc_hd__tapvpwrvgnd_1 couldn't be read
Cell sky130_fd_sc_hd__tapvpwrvgnd_1 couldn't be read
Cell sky130_fd_sc_hd__tapvpwrvgnd_1 couldn't be read
Cell sky130_fd_sc_hd__tapvpwrvgnd_1 couldn't be read
Cell sky130_fd_sc_hd__tapvpwrvgnd_1 couldn't be read
Cell sky130_fd_sc_hd__tapvpwrvgnd_1 couldn't be read
Cell sky130_fd_sc_hd__tapvpwrvgnd_1 couldn't be read
Cell sky130_fd_sc_hd__tapvpwrvgnd_1 couldn't be read
Cell sky130_fd_sc_hd__tapvpwrvgnd_1 couldn't be read
Cell sky130_fd_sc_hd__tapvpwrvgnd_1 couldn't be read
Cell sky130_fd_sc_hd__tapvpwrvgnd_1 couldn't be read
Cell sky130_fd_sc_hd__tapvpwrvgnd_1 couldn't be read
Cell sky130_fd_sc_hd__tapvpwrvgnd_1 couldn't be read
Cell sky130_fd_sc_hd__tapvpwrvgnd_1 couldn't be read
Cell sky130_fd_sc_hd__tapvpwrvgnd_1 couldn't be read
Cell sky130_fd_sc_hd__tapvpwrvgnd_1 couldn't be read
Cell sky130_fd_sc_hd__tapvpwrvgnd_1 couldn't be read
Cell sky130_fd_sc_hd__tapvpwrvgnd_1 couldn't be read
Cell sky130_fd_sc_hd__tapvpwrvgnd_1 couldn't be read
Cell sky130_fd_sc_hd__tapvpwrvgnd_1 couldn't be read
Cell sky130_fd_sc_hd__tapvpwrvgnd_1 couldn't be read
Cell sky130_fd_sc_hd__tapvpwrvgnd_1 couldn't be read
Cell sky130_fd_sc_hd__tapvpwrvgnd_1 couldn't be read
Cell sky130_fd_sc_hd__tapvpwrvgnd_1 couldn't be read
Cell sky130_fd_sc_hd__tapvpwrvgnd_1 couldn't be read
Cell sky130_fd_sc_hd__tapvpwrvgnd_1 couldn't be read
Cell sky130_fd_sc_hd__tapvpwrvgnd_1 couldn't be read
Cell sky130_fd_sc_hd__tapvpwrvgnd_1 couldn't be read
Cell sky130_fd_sc_hd__tapvpwrvgnd_1 couldn't be read
Cell sky130_fd_sc_hd__tapvpwrvgnd_1 couldn't be read
Cell sky130_fd_sc_hd__tapvpwrvgnd_1 couldn't be read
Cell sky130_fd_sc_hd__tapvpwrvgnd_1 couldn't be read
Cell sky130_fd_sc_hd__tapvpwrvgnd_1 couldn't be read
Cell sky130_fd_sc_hd__tapvpwrvgnd_1 couldn't be read
Cell sky130_fd_sc_hd__tapvpwrvgnd_1 couldn't be read
Cell sky130_fd_sc_hd__tapvpwrvgnd_1 couldn't be read
Cell sky130_fd_sc_hd__tapvpwrvgnd_1 couldn't be read
Cell sky130_fd_sc_hd__tapvpwrvgnd_1 couldn't be read
Cell sky130_fd_sc_hd__tapvpwrvgnd_1 couldn't be read
Cell sky130_fd_sc_hd__tapvpwrvgnd_1 couldn't be read
Cell sky130_fd_sc_hd__tapvpwrvgnd_1 couldn't be read
Cell sky130_fd_sc_hd__tapvpwrvgnd_1 couldn't be read
Cell sky130_fd_sc_hd__tapvpwrvgnd_1 couldn't be read
Cell sky130_fd_sc_hd__tapvpwrvgnd_1 couldn't be read
Cell sky130_fd_sc_hd__tapvpwrvgnd_1 couldn't be read
Cell sky130_fd_sc_hd__tapvpwrvgnd_1 couldn't be read
Cell sky130_fd_sc_hd__tapvpwrvgnd_1 couldn't be read
Cell sky130_fd_sc_hd__tapvpwrvgnd_1 couldn't be read
Cell sky130_fd_sc_hd__tapvpwrvgnd_1 couldn't be read
Cell sky130_fd_sc_hd__tapvpwrvgnd_1 couldn't be read
Cell sky130_fd_sc_hd__tapvpwrvgnd_1 couldn't be read
Cell sky130_fd_sc_hd__tapvpwrvgnd_1 couldn't be read
Cell sky130_fd_sc_hd__tapvpwrvgnd_1 couldn't be read
Cell sky130_fd_sc_hd__tapvpwrvgnd_1 couldn't be read
Cell sky130_fd_sc_hd__tapvpwrvgnd_1 couldn't be read
Cell sky130_fd_sc_hd__clkbuf_16 couldn't be read
Cell sky130_fd_sc_hd__clkbuf_1 couldn't be read
Cell sky130_fd_sc_hd__clkbuf_1 couldn't be read
Cell sky130_fd_sc_hd__clkbuf_1 couldn't be read
Cell sky130_fd_sc_hd__clkbuf_1 couldn't be read
Cell sky130_fd_sc_hd__clkbuf_1 couldn't be read
Cell sky130_fd_sc_hd__clkbuf_1 couldn't be read
Cell sky130_fd_sc_hd__clkbuf_1 couldn't be read
Cell sky130_fd_sc_hd__clkbuf_1 couldn't be read
Cell sky130_fd_sc_hd__clkbuf_1 couldn't be read
Cell sky130_fd_sc_hd__clkbuf_1 couldn't be read
Cell sky130_fd_sc_hd__clkbuf_1 couldn't be read
Cell sky130_fd_sc_hd__clkbuf_1 couldn't be read
Cell sky130_fd_sc_hd__decap_12 couldn't be read
Cell sky130_fd_sc_hd__decap_12 couldn't be read
Cell sky130_fd_sc_hd__decap_4 couldn't be read
Cell sky130_fd_sc_hd__decap_12 couldn't be read
Cell sky130_fd_sc_hd__decap_12 couldn't be read
Cell sky130_fd_sc_hd__decap_6 couldn't be read
Cell sky130_fd_sc_hd__decap_12 couldn't be read
Cell sky130_fd_sc_hd__decap_6 couldn't be read
Cell sky130_fd_sc_hd__fill_1 couldn't be read
Cell sky130_fd_sc_hd__decap_8 couldn't be read
Cell sky130_fd_sc_hd__decap_8 couldn't be read
Cell sky130_fd_sc_hd__decap_8 couldn't be read
Cell sky130_fd_sc_hd__fill_2 couldn't be read
Cell sky130_fd_sc_hd__fill_2 couldn't be read
Cell sky130_fd_sc_hd__decap_12 couldn't be read
Cell sky130_fd_sc_hd__fill_2 couldn't be read
Cell sky130_fd_sc_hd__decap_3 couldn't be read
Cell sky130_fd_sc_hd__decap_8 couldn't be read
Cell sky130_fd_sc_hd__decap_8 couldn't be read
Cell sky130_fd_sc_hd__fill_1 couldn't be read
Cell sky130_fd_sc_hd__decap_12 couldn't be read
Cell sky130_fd_sc_hd__decap_12 couldn't be read
Cell sky130_fd_sc_hd__decap_6 couldn't be read
Cell sky130_fd_sc_hd__decap_12 couldn't be read
Cell sky130_fd_sc_hd__decap_12 couldn't be read
Cell sky130_fd_sc_hd__decap_6 couldn't be read
Cell sky130_fd_sc_hd__decap_4 couldn't be read
Cell sky130_fd_sc_hd__decap_12 couldn't be read
Cell sky130_fd_sc_hd__decap_12 couldn't be read
Cell sky130_fd_sc_hd__decap_12 couldn't be read
Cell sky130_fd_sc_hd__decap_12 couldn't be read
Cell sky130_fd_sc_hd__decap_8 couldn't be read
Cell sky130_fd_sc_hd__fill_2 couldn't be read
Cell sky130_fd_sc_hd__decap_4 couldn't be read
Cell sky130_fd_sc_hd__fill_1 couldn't be read
Cell sky130_fd_sc_hd__decap_8 couldn't be read
Cell sky130_fd_sc_hd__decap_8 couldn't be read
Cell sky130_fd_sc_hd__fill_1 couldn't be read
Cell sky130_fd_sc_hd__decap_8 couldn't be read
Cell sky130_fd_sc_hd__decap_8 couldn't be read
Cell sky130_fd_sc_hd__fill_1 couldn't be read
Cell sky130_fd_sc_hd__decap_8 couldn't be read
Cell sky130_fd_sc_hd__decap_12 couldn't be read
Cell sky130_fd_sc_hd__fill_2 couldn't be read
Cell sky130_fd_sc_hd__decap_12 couldn't be read
Cell sky130_fd_sc_hd__decap_12 couldn't be read
Cell sky130_fd_sc_hd__decap_12 couldn't be read
Cell sky130_fd_sc_hd__decap_12 couldn't be read
Cell sky130_fd_sc_hd__decap_8 couldn't be read
Cell sky130_fd_sc_hd__fill_1 couldn't be read
Cell sky130_fd_sc_hd__decap_8 couldn't be read
Cell sky130_fd_sc_hd__decap_12 couldn't be read
Cell sky130_fd_sc_hd__decap_12 couldn't be read
Cell sky130_fd_sc_hd__decap_4 couldn't be read
Cell sky130_fd_sc_hd__decap_8 couldn't be read
Cell sky130_fd_sc_hd__fill_1 couldn't be read
Cell sky130_fd_sc_hd__decap_8 couldn't be read
Cell sky130_fd_sc_hd__decap_8 couldn't be read
Cell sky130_fd_sc_hd__fill_2 couldn't be read
Cell sky130_fd_sc_hd__decap_12 couldn't be read
Cell sky130_fd_sc_hd__fill_1 couldn't be read
Cell sky130_fd_sc_hd__decap_8 couldn't be read
Cell sky130_fd_sc_hd__decap_8 couldn't be read
Cell sky130_fd_sc_hd__decap_8 couldn't be read
Cell sky130_fd_sc_hd__decap_12 couldn't be read
Cell sky130_fd_sc_hd__decap_3 couldn't be read
Cell sky130_fd_sc_hd__decap_12 couldn't be read
Cell sky130_fd_sc_hd__decap_12 couldn't be read
Cell sky130_fd_sc_hd__decap_12 couldn't be read
Cell sky130_fd_sc_hd__fill_2 couldn't be read
Cell sky130_fd_sc_hd__decap_12 couldn't be read
Cell sky130_fd_sc_hd__decap_12 couldn't be read
Cell sky130_fd_sc_hd__decap_12 couldn't be read
Cell sky130_fd_sc_hd__decap_3 couldn't be read
Cell sky130_fd_sc_hd__decap_12 couldn't be read
Cell sky130_fd_sc_hd__decap_4 couldn't be read
Cell sky130_fd_sc_hd__decap_8 couldn't be read
Cell sky130_fd_sc_hd__decap_3 couldn't be read
Cell sky130_fd_sc_hd__decap_8 couldn't be read
Cell sky130_fd_sc_hd__decap_8 couldn't be read
Cell sky130_fd_sc_hd__fill_2 couldn't be read
Cell sky130_fd_sc_hd__decap_12 couldn't be read
Cell sky130_fd_sc_hd__decap_3 couldn't be read
Cell sky130_fd_sc_hd__decap_8 couldn't be read
Cell sky130_fd_sc_hd__decap_12 couldn't be read
Cell sky130_fd_sc_hd__decap_12 couldn't be read
Cell sky130_fd_sc_hd__decap_12 couldn't be read
Cell sky130_fd_sc_hd__decap_12 couldn't be read
Cell sky130_fd_sc_hd__decap_3 couldn't be read
Cell sky130_fd_sc_hd__decap_8 couldn't be read
Cell sky130_fd_sc_hd__decap_12 couldn't be read
Cell sky130_fd_sc_hd__decap_12 couldn't be read
Cell sky130_fd_sc_hd__decap_4 couldn't be read
Cell sky130_fd_sc_hd__decap_12 couldn't be read
Cell sky130_fd_sc_hd__fill_1 couldn't be read
Cell sky130_fd_sc_hd__decap_8 couldn't be read
Cell sky130_fd_sc_hd__decap_12 couldn't be read
Cell sky130_fd_sc_hd__fill_2 couldn't be read
Cell sky130_fd_sc_hd__decap_8 couldn't be read
Cell sky130_fd_sc_hd__decap_8 couldn't be read
Cell sky130_fd_sc_hd__decap_12 couldn't be read
Cell sky130_fd_sc_hd__decap_6 couldn't be read
Cell sky130_fd_sc_hd__fill_1 couldn't be read
Cell sky130_fd_sc_hd__decap_8 couldn't be read
Cell sky130_fd_sc_hd__decap_12 couldn't be read
Cell sky130_fd_sc_hd__decap_6 couldn't be read
Cell sky130_fd_sc_hd__fill_1 couldn't be read
Cell sky130_fd_sc_hd__decap_12 couldn't be read
Cell sky130_fd_sc_hd__decap_12 couldn't be read
Cell sky130_fd_sc_hd__decap_12 couldn't be read
Cell sky130_fd_sc_hd__fill_2 couldn't be read
Cell sky130_fd_sc_hd__decap_12 couldn't be read
Cell sky130_fd_sc_hd__decap_12 couldn't be read
Cell sky130_fd_sc_hd__decap_12 couldn't be read
Cell sky130_fd_sc_hd__decap_8 couldn't be read
Cell sky130_fd_sc_hd__decap_3 couldn't be read
Cell sky130_fd_sc_hd__decap_8 couldn't be read
Cell sky130_fd_sc_hd__decap_12 couldn't be read
Cell sky130_fd_sc_hd__fill_1 couldn't be read
Cell sky130_fd_sc_hd__decap_8 couldn't be read
Cell sky130_fd_sc_hd__fill_2 couldn't be read
Cell sky130_fd_sc_hd__decap_8 couldn't be read
Cell sky130_fd_sc_hd__decap_3 couldn't be read
Cell sky130_fd_sc_hd__decap_8 couldn't be read
Cell sky130_fd_sc_hd__fill_2 couldn't be read
Cell sky130_fd_sc_hd__decap_12 couldn't be read
Cell sky130_fd_sc_hd__decap_4 couldn't be read
Cell sky130_fd_sc_hd__fill_1 couldn't be read
Cell sky130_fd_sc_hd__decap_8 couldn't be read
Cell sky130_fd_sc_hd__decap_12 couldn't be read
Cell sky130_fd_sc_hd__decap_12 couldn't be read
Cell sky130_fd_sc_hd__decap_12 couldn't be read
Cell sky130_fd_sc_hd__decap_12 couldn't be read
Cell sky130_fd_sc_hd__decap_3 couldn't be read
Cell sky130_fd_sc_hd__decap_8 couldn't be read
Cell sky130_fd_sc_hd__decap_12 couldn't be read
Cell sky130_fd_sc_hd__decap_12 couldn't be read
Cell sky130_fd_sc_hd__decap_4 couldn't be read
Cell sky130_fd_sc_hd__decap_12 couldn't be read
Cell sky130_fd_sc_hd__decap_8 couldn't be read
Cell sky130_fd_sc_hd__decap_8 couldn't be read
Cell sky130_fd_sc_hd__fill_1 couldn't be read
Cell sky130_fd_sc_hd__decap_8 couldn't be read
Cell sky130_fd_sc_hd__decap_8 couldn't be read
Cell sky130_fd_sc_hd__fill_1 couldn't be read
Cell sky130_fd_sc_hd__decap_8 couldn't be read
Cell sky130_fd_sc_hd__decap_12 couldn't be read
Cell sky130_fd_sc_hd__decap_6 couldn't be read
Cell sky130_fd_sc_hd__decap_8 couldn't be read
Cell sky130_fd_sc_hd__decap_8 couldn't be read
Cell sky130_fd_sc_hd__decap_12 couldn't be read
Cell sky130_fd_sc_hd__decap_4 couldn't be read
Cell sky130_fd_sc_hd__decap_8 couldn't be read
Cell sky130_fd_sc_hd__fill_2 couldn't be read
Cell sky130_fd_sc_hd__decap_8 couldn't be read
Cell sky130_fd_sc_hd__decap_12 couldn't be read
Cell sky130_fd_sc_hd__fill_2 couldn't be read
Cell sky130_fd_sc_hd__decap_12 couldn't be read
Cell sky130_fd_sc_hd__decap_12 couldn't be read
Cell sky130_fd_sc_hd__decap_12 couldn't be read
Cell sky130_fd_sc_hd__decap_8 couldn't be read
Cell sky130_fd_sc_hd__decap_4 couldn't be read
Cell sky130_fd_sc_hd__decap_8 couldn't be read
Cell sky130_fd_sc_hd__decap_8 couldn't be read
Cell sky130_fd_sc_hd__decap_8 couldn't be read
Cell sky130_fd_sc_hd__decap_3 couldn't be read
Cell sky130_fd_sc_hd__decap_12 couldn't be read
Cell sky130_fd_sc_hd__decap_4 couldn't be read
Cell sky130_fd_sc_hd__fill_1 couldn't be read
Cell sky130_fd_sc_hd__decap_8 couldn't be read
Cell sky130_fd_sc_hd__decap_12 couldn't be read
Cell sky130_fd_sc_hd__decap_4 couldn't be read
Cell sky130_fd_sc_hd__decap_8 couldn't be read
Cell sky130_fd_sc_hd__fill_2 couldn't be read
Cell sky130_fd_sc_hd__decap_8 couldn't be read
Cell sky130_fd_sc_hd__decap_8 couldn't be read
Cell sky130_fd_sc_hd__decap_12 couldn't be read
Cell sky130_fd_sc_hd__decap_12 couldn't be read
Cell sky130_fd_sc_hd__decap_4 couldn't be read
Cell sky130_fd_sc_hd__decap_12 couldn't be read
Cell sky130_fd_sc_hd__decap_8 couldn't be read
Cell sky130_fd_sc_hd__decap_8 couldn't be read
Cell sky130_fd_sc_hd__decap_8 couldn't be read
Cell sky130_fd_sc_hd__fill_1 couldn't be read
Cell sky130_fd_sc_hd__decap_8 couldn't be read
Cell sky130_fd_sc_hd__decap_8 couldn't be read
Cell sky130_fd_sc_hd__decap_8 couldn't be read
Cell sky130_fd_sc_hd__fill_1 couldn't be read
Cell sky130_fd_sc_hd__decap_8 couldn't be read
Cell sky130_fd_sc_hd__decap_8 couldn't be read
Cell sky130_fd_sc_hd__decap_12 couldn't be read
Cell sky130_fd_sc_hd__fill_1 couldn't be read
Cell sky130_fd_sc_hd__decap_8 couldn't be read
Cell sky130_fd_sc_hd__decap_8 couldn't be read
Cell sky130_fd_sc_hd__fill_1 couldn't be read
Cell sky130_fd_sc_hd__decap_12 couldn't be read
Cell sky130_fd_sc_hd__decap_6 couldn't be read
Cell sky130_fd_sc_hd__decap_8 couldn't be read
Cell sky130_fd_sc_hd__fill_1 couldn't be read
Cell sky130_fd_sc_hd__decap_8 couldn't be read
Cell sky130_fd_sc_hd__decap_8 couldn't be read
Cell sky130_fd_sc_hd__decap_8 couldn't be read
Cell sky130_fd_sc_hd__fill_2 couldn't be read
Cell sky130_fd_sc_hd__decap_8 couldn't be read
Cell sky130_fd_sc_hd__decap_8 couldn't be read
Cell sky130_fd_sc_hd__decap_8 couldn't be read
Cell sky130_fd_sc_hd__decap_3 couldn't be read
Cell sky130_fd_sc_hd__decap_8 couldn't be read
Cell sky130_fd_sc_hd__decap_12 couldn't be read
Cell sky130_fd_sc_hd__decap_8 couldn't be read
Cell sky130_fd_sc_hd__fill_2 couldn't be read
Cell sky130_fd_sc_hd__decap_8 couldn't be read
Cell sky130_fd_sc_hd__decap_8 couldn't be read
Cell sky130_fd_sc_hd__decap_3 couldn't be read
Cell sky130_fd_sc_hd__decap_8 couldn't be read
Cell sky130_fd_sc_hd__decap_12 couldn't be read
Cell sky130_fd_sc_hd__decap_12 couldn't be read
Cell sky130_fd_sc_hd__decap_4 couldn't be read
Cell sky130_fd_sc_hd__decap_6 couldn't be read
Cell sky130_fd_sc_hd__fill_1 couldn't be read
Cell sky130_fd_sc_hd__decap_8 couldn't be read
Cell sky130_fd_sc_hd__decap_12 couldn't be read
Cell sky130_fd_sc_hd__fill_1 couldn't be read
Cell sky130_fd_sc_hd__decap_3 couldn't be read
Cell sky130_fd_sc_hd__decap_8 couldn't be read
Cell sky130_fd_sc_hd__decap_12 couldn't be read
Cell sky130_fd_sc_hd__decap_4 couldn't be read
Cell sky130_fd_sc_hd__fill_1 couldn't be read
Cell sky130_fd_sc_hd__decap_8 couldn't be read
Cell sky130_fd_sc_hd__decap_8 couldn't be read
Cell sky130_fd_sc_hd__fill_2 couldn't be read
Cell sky130_fd_sc_hd__fill_1 couldn't be read
Cell sky130_fd_sc_hd__decap_8 couldn't be read
Cell sky130_fd_sc_hd__fill_1 couldn't be read
Cell sky130_fd_sc_hd__decap_8 couldn't be read
Cell sky130_fd_sc_hd__decap_6 couldn't be read
Cell sky130_fd_sc_hd__fill_1 couldn't be read
Cell sky130_fd_sc_hd__decap_8 couldn't be read
Cell sky130_fd_sc_hd__decap_12 couldn't be read
Cell sky130_fd_sc_hd__decap_8 couldn't be read
Cell sky130_fd_sc_hd__fill_2 couldn't be read
Cell sky130_fd_sc_hd__decap_12 couldn't be read
Cell sky130_fd_sc_hd__fill_2 couldn't be read
Cell sky130_fd_sc_hd__decap_8 couldn't be read
Cell sky130_fd_sc_hd__decap_8 couldn't be read
Cell sky130_fd_sc_hd__decap_8 couldn't be read
Cell sky130_fd_sc_hd__decap_4 couldn't be read
Cell sky130_fd_sc_hd__decap_3 couldn't be read
Cell sky130_fd_sc_hd__decap_8 couldn't be read
Cell sky130_fd_sc_hd__fill_2 couldn't be read
Cell sky130_fd_sc_hd__decap_8 couldn't be read
Cell sky130_fd_sc_hd__decap_8 couldn't be read
Cell sky130_fd_sc_hd__decap_8 couldn't be read
Cell sky130_fd_sc_hd__fill_1 couldn't be read
Cell sky130_fd_sc_hd__decap_8 couldn't be read
Cell sky130_fd_sc_hd__decap_8 couldn't be read
Cell sky130_fd_sc_hd__decap_12 couldn't be read
Cell sky130_fd_sc_hd__decap_4 couldn't be read
Cell sky130_fd_sc_hd__fill_1 couldn't be read
Cell sky130_fd_sc_hd__decap_8 couldn't be read
Cell sky130_fd_sc_hd__decap_4 couldn't be read
Cell sky130_fd_sc_hd__fill_1 couldn't be read
Cell sky130_fd_sc_hd__decap_8 couldn't be read
Cell sky130_fd_sc_hd__decap_8 couldn't be read
Cell sky130_fd_sc_hd__fill_2 couldn't be read
Cell sky130_fd_sc_hd__decap_8 couldn't be read
Cell sky130_fd_sc_hd__fill_1 couldn't be read
Cell sky130_fd_sc_hd__decap_8 couldn't be read
Cell sky130_fd_sc_hd__decap_8 couldn't be read
Cell sky130_fd_sc_hd__decap_8 couldn't be read
Cell sky130_fd_sc_hd__decap_8 couldn't be read
Cell sky130_fd_sc_hd__decap_8 couldn't be read
Cell sky130_fd_sc_hd__fill_2 couldn't be read
Cell sky130_fd_sc_hd__decap_8 couldn't be read
Cell sky130_fd_sc_hd__decap_8 couldn't be read
Cell sky130_fd_sc_hd__decap_8 couldn't be read
Cell sky130_fd_sc_hd__decap_12 couldn't be read
Cell sky130_fd_sc_hd__decap_8 couldn't be read
Cell sky130_fd_sc_hd__decap_8 couldn't be read
Cell sky130_fd_sc_hd__decap_8 couldn't be read
Cell sky130_fd_sc_hd__decap_3 couldn't be read
Cell sky130_fd_sc_hd__decap_8 couldn't be read
Cell sky130_fd_sc_hd__decap_12 couldn't be read
Cell sky130_fd_sc_hd__decap_4 couldn't be read
Cell sky130_fd_sc_hd__fill_1 couldn't be read
Cell sky130_fd_sc_hd__fill_1 couldn't be read
Cell sky130_fd_sc_hd__decap_8 couldn't be read
Cell sky130_fd_sc_hd__decap_8 couldn't be read
Cell sky130_fd_sc_hd__decap_12 couldn't be read
Cell sky130_fd_sc_hd__decap_3 couldn't be read
Cell sky130_fd_sc_hd__fill_1 couldn't be read
Cell sky130_fd_sc_hd__decap_8 couldn't be read
Cell sky130_fd_sc_hd__decap_8 couldn't be read
Cell sky130_fd_sc_hd__decap_8 couldn't be read
Cell sky130_fd_sc_hd__decap_8 couldn't be read
Cell sky130_fd_sc_hd__decap_12 couldn't be read
Cell sky130_fd_sc_hd__decap_4 couldn't be read
Cell sky130_fd_sc_hd__fill_1 couldn't be read
Cell sky130_fd_sc_hd__decap_8 couldn't be read
Cell sky130_fd_sc_hd__decap_8 couldn't be read
Cell sky130_fd_sc_hd__fill_1 couldn't be read
Cell sky130_fd_sc_hd__decap_8 couldn't be read
Cell sky130_fd_sc_hd__decap_3 couldn't be read
Cell sky130_fd_sc_hd__decap_8 couldn't be read
Cell sky130_fd_sc_hd__decap_12 couldn't be read
Cell sky130_fd_sc_hd__decap_8 couldn't be read
Cell sky130_fd_sc_hd__fill_1 couldn't be read
Cell sky130_fd_sc_hd__decap_8 couldn't be read
Cell sky130_fd_sc_hd__decap_3 couldn't be read
Cell sky130_fd_sc_hd__decap_8 couldn't be read
Cell sky130_fd_sc_hd__decap_12 couldn't be read
Cell sky130_fd_sc_hd__decap_8 couldn't be read
Cell sky130_fd_sc_hd__decap_8 couldn't be read
Cell sky130_fd_sc_hd__decap_3 couldn't be read
Cell sky130_fd_sc_hd__decap_8 couldn't be read
Cell sky130_fd_sc_hd__decap_12 couldn't be read
Cell sky130_fd_sc_hd__decap_4 couldn't be read
Cell sky130_fd_sc_hd__fill_1 couldn't be read
Cell sky130_fd_sc_hd__decap_12 couldn't be read
Cell sky130_fd_sc_hd__decap_8 couldn't be read
Cell sky130_fd_sc_hd__decap_12 couldn't be read
Cell sky130_fd_sc_hd__fill_1 couldn't be read
Cell sky130_fd_sc_hd__decap_8 couldn't be read
Cell sky130_fd_sc_hd__decap_6 couldn't be read
Cell sky130_fd_sc_hd__decap_8 couldn't be read
Cell sky130_fd_sc_hd__decap_4 couldn't be read
Cell sky130_fd_sc_hd__fill_1 couldn't be read
Cell sky130_fd_sc_hd__decap_8 couldn't be read
Cell sky130_fd_sc_hd__decap_8 couldn't be read
Cell sky130_fd_sc_hd__decap_6 couldn't be read
Cell sky130_fd_sc_hd__decap_12 couldn't be read
Cell sky130_fd_sc_hd__decap_3 couldn't be read
Cell sky130_fd_sc_hd__decap_8 couldn't be read
Cell sky130_fd_sc_hd__decap_8 couldn't be read
Cell sky130_fd_sc_hd__decap_12 couldn't be read
Cell sky130_fd_sc_hd__decap_4 couldn't be read
Cell sky130_fd_sc_hd__fill_1 couldn't be read
Cell sky130_fd_sc_hd__decap_8 couldn't be read
Cell sky130_fd_sc_hd__decap_4 couldn't be read
Cell sky130_fd_sc_hd__fill_1 couldn't be read
Cell sky130_fd_sc_hd__decap_8 couldn't be read
Cell sky130_fd_sc_hd__decap_8 couldn't be read
Cell sky130_fd_sc_hd__fill_2 couldn't be read
Cell sky130_fd_sc_hd__decap_8 couldn't be read
Cell sky130_fd_sc_hd__decap_8 couldn't be read
Cell sky130_fd_sc_hd__decap_8 couldn't be read
Cell sky130_fd_sc_hd__decap_8 couldn't be read
Cell sky130_fd_sc_hd__fill_1 couldn't be read
Cell sky130_fd_sc_hd__decap_8 couldn't be read
Cell sky130_fd_sc_hd__decap_8 couldn't be read
Cell sky130_fd_sc_hd__decap_12 couldn't be read
Cell sky130_fd_sc_hd__fill_1 couldn't be read
Cell sky130_fd_sc_hd__decap_6 couldn't be read
Cell sky130_fd_sc_hd__fill_1 couldn't be read
Cell sky130_fd_sc_hd__decap_8 couldn't be read
Cell sky130_fd_sc_hd__decap_12 couldn't be read
Cell sky130_fd_sc_hd__decap_12 couldn't be read
Cell sky130_fd_sc_hd__fill_2 couldn't be read
Cell sky130_fd_sc_hd__decap_8 couldn't be read
Cell sky130_fd_sc_hd__fill_2 couldn't be read
Cell sky130_fd_sc_hd__decap_12 couldn't be read
Cell sky130_fd_sc_hd__fill_2 couldn't be read
Cell sky130_fd_sc_hd__decap_8 couldn't be read
Cell sky130_fd_sc_hd__decap_8 couldn't be read
Cell sky130_fd_sc_hd__fill_2 couldn't be read
Cell sky130_fd_sc_hd__decap_8 couldn't be read
Cell sky130_fd_sc_hd__decap_3 couldn't be read
Cell sky130_fd_sc_hd__decap_8 couldn't be read
Cell sky130_fd_sc_hd__decap_8 couldn't be read
Cell sky130_fd_sc_hd__fill_1 couldn't be read
Cell sky130_fd_sc_hd__decap_8 couldn't be read
Cell sky130_fd_sc_hd__decap_3 couldn't be read
Cell sky130_fd_sc_hd__decap_8 couldn't be read
Cell sky130_fd_sc_hd__decap_8 couldn't be read
Cell sky130_fd_sc_hd__decap_8 couldn't be read
Cell sky130_fd_sc_hd__decap_12 couldn't be read
Cell sky130_fd_sc_hd__decap_12 couldn't be read
Cell sky130_fd_sc_hd__decap_4 couldn't be read
Cell sky130_fd_sc_hd__decap_4 couldn't be read
Cell sky130_fd_sc_hd__fill_1 couldn't be read
Cell sky130_fd_sc_hd__decap_8 couldn't be read
Cell sky130_fd_sc_hd__decap_8 couldn't be read
Cell sky130_fd_sc_hd__decap_8 couldn't be read
Cell sky130_fd_sc_hd__decap_12 couldn't be read
Cell sky130_fd_sc_hd__fill_2 couldn't be read
Cell sky130_fd_sc_hd__fill_2 couldn't be read
Cell sky130_fd_sc_hd__decap_8 couldn't be read
Cell sky130_fd_sc_hd__decap_8 couldn't be read
Cell sky130_fd_sc_hd__decap_8 couldn't be read
Cell sky130_fd_sc_hd__decap_12 couldn't be read
Cell sky130_fd_sc_hd__decap_3 couldn't be read
Cell sky130_fd_sc_hd__decap_12 couldn't be read
Cell sky130_fd_sc_hd__decap_12 couldn't be read
Cell sky130_fd_sc_hd__decap_12 couldn't be read
Cell sky130_fd_sc_hd__decap_8 couldn't be read
Cell sky130_fd_sc_hd__decap_8 couldn't be read
Cell sky130_fd_sc_hd__decap_8 couldn't be read
Cell sky130_fd_sc_hd__decap_8 couldn't be read
Cell sky130_fd_sc_hd__fill_2 couldn't be read
Cell sky130_fd_sc_hd__decap_8 couldn't be read
Cell sky130_fd_sc_hd__decap_12 couldn't be read
Cell sky130_fd_sc_hd__decap_3 couldn't be read
Cell sky130_fd_sc_hd__fill_2 couldn't be read
Cell sky130_fd_sc_hd__decap_8 couldn't be read
Cell sky130_fd_sc_hd__decap_3 couldn't be read
Cell sky130_fd_sc_hd__decap_8 couldn't be read
Cell sky130_fd_sc_hd__decap_12 couldn't be read
Cell sky130_fd_sc_hd__fill_1 couldn't be read
Cell sky130_fd_sc_hd__decap_8 couldn't be read
Cell sky130_fd_sc_hd__decap_12 couldn't be read
Cell sky130_fd_sc_hd__decap_12 couldn't be read
Cell sky130_fd_sc_hd__decap_4 couldn't be read
Cell sky130_fd_sc_hd__decap_4 couldn't be read
Cell sky130_fd_sc_hd__fill_1 couldn't be read
Cell sky130_fd_sc_hd__decap_8 couldn't be read
Cell sky130_fd_sc_hd__decap_8 couldn't be read
Cell sky130_fd_sc_hd__decap_12 couldn't be read
Cell sky130_fd_sc_hd__fill_1 couldn't be read
Cell sky130_fd_sc_hd__decap_8 couldn't be read
Cell sky130_fd_sc_hd__decap_4 couldn't be read
Cell sky130_fd_sc_hd__decap_8 couldn't be read
Cell sky130_fd_sc_hd__decap_8 couldn't be read
Cell sky130_fd_sc_hd__decap_12 couldn't be read
Cell sky130_fd_sc_hd__decap_4 couldn't be read
Cell sky130_fd_sc_hd__fill_1 couldn't be read
Cell sky130_fd_sc_hd__decap_12 couldn't be read
Cell sky130_fd_sc_hd__decap_4 couldn't be read
Cell sky130_fd_sc_hd__decap_12 couldn't be read
Cell sky130_fd_sc_hd__decap_4 couldn't be read
Cell sky130_fd_sc_hd__fill_1 couldn't be read
Cell sky130_fd_sc_hd__decap_8 couldn't be read
Cell sky130_fd_sc_hd__fill_2 couldn't be read
Cell sky130_fd_sc_hd__decap_12 couldn't be read
Cell sky130_fd_sc_hd__decap_12 couldn't be read
Cell sky130_fd_sc_hd__decap_4 couldn't be read
Cell sky130_fd_sc_hd__fill_1 couldn't be read
Cell sky130_fd_sc_hd__decap_8 couldn't be read
Cell sky130_fd_sc_hd__decap_8 couldn't be read
Cell sky130_fd_sc_hd__decap_3 couldn't be read
Cell sky130_fd_sc_hd__decap_8 couldn't be read
Cell sky130_fd_sc_hd__decap_8 couldn't be read
Cell sky130_fd_sc_hd__decap_12 couldn't be read
Cell sky130_fd_sc_hd__fill_1 couldn't be read
Cell sky130_fd_sc_hd__decap_8 couldn't be read
Cell sky130_fd_sc_hd__fill_1 couldn't be read
Cell sky130_fd_sc_hd__decap_8 couldn't be read
Cell sky130_fd_sc_hd__decap_8 couldn't be read
Cell sky130_fd_sc_hd__decap_8 couldn't be read
Cell sky130_fd_sc_hd__decap_8 couldn't be read
Cell sky130_fd_sc_hd__fill_1 couldn't be read
Cell sky130_fd_sc_hd__decap_8 couldn't be read
Cell sky130_fd_sc_hd__decap_8 couldn't be read
Cell sky130_fd_sc_hd__fill_1 couldn't be read
Cell sky130_fd_sc_hd__decap_8 couldn't be read
Cell sky130_fd_sc_hd__decap_12 couldn't be read
Cell sky130_fd_sc_hd__decap_12 couldn't be read
Cell sky130_fd_sc_hd__decap_4 couldn't be read
Cell sky130_fd_sc_hd__decap_12 couldn't be read
Cell sky130_fd_sc_hd__fill_2 couldn't be read
Cell sky130_fd_sc_hd__decap_12 couldn't be read
Cell sky130_fd_sc_hd__fill_1 couldn't be read
Cell sky130_fd_sc_hd__decap_8 couldn't be read
Cell sky130_fd_sc_hd__decap_12 couldn't be read
Cell sky130_fd_sc_hd__fill_2 couldn't be read
Cell sky130_fd_sc_hd__decap_4 couldn't be read
Cell sky130_fd_sc_hd__decap_8 couldn't be read
Cell sky130_fd_sc_hd__decap_3 couldn't be read
Cell sky130_fd_sc_hd__decap_8 couldn't be read
Cell sky130_fd_sc_hd__decap_8 couldn't be read
Cell sky130_fd_sc_hd__decap_3 couldn't be read
Cell sky130_fd_sc_hd__decap_8 couldn't be read
Cell sky130_fd_sc_hd__decap_12 couldn't be read
Cell sky130_fd_sc_hd__fill_1 couldn't be read
Cell sky130_fd_sc_hd__decap_12 couldn't be read
Cell sky130_fd_sc_hd__decap_12 couldn't be read
Cell sky130_fd_sc_hd__decap_6 couldn't be read
Cell sky130_fd_sc_hd__decap_8 couldn't be read
Cell sky130_fd_sc_hd__decap_8 couldn't be read
Cell sky130_fd_sc_hd__fill_2 couldn't be read
Cell sky130_fd_sc_hd__decap_8 couldn't be read
Cell sky130_fd_sc_hd__decap_3 couldn't be read
Cell sky130_fd_sc_hd__decap_8 couldn't be read
Cell sky130_fd_sc_hd__fill_1 couldn't be read
Cell sky130_fd_sc_hd__decap_8 couldn't be read
Cell sky130_fd_sc_hd__decap_8 couldn't be read
Cell sky130_fd_sc_hd__decap_8 couldn't be read
Cell sky130_fd_sc_hd__decap_3 couldn't be read
Cell sky130_fd_sc_hd__decap_8 couldn't be read
Cell sky130_fd_sc_hd__decap_8 couldn't be read
Cell sky130_fd_sc_hd__fill_1 couldn't be read
Cell sky130_fd_sc_hd__decap_8 couldn't be read
Cell sky130_fd_sc_hd__decap_8 couldn't be read
Cell sky130_fd_sc_hd__decap_12 couldn't be read
Cell sky130_fd_sc_hd__decap_12 couldn't be read
Cell sky130_fd_sc_hd__decap_4 couldn't be read
Cell sky130_fd_sc_hd__decap_6 couldn't be read
Cell sky130_fd_sc_hd__fill_1 couldn't be read
Cell sky130_fd_sc_hd__decap_8 couldn't be read
Cell sky130_fd_sc_hd__fill_1 couldn't be read
Cell sky130_fd_sc_hd__decap_8 couldn't be read
Cell sky130_fd_sc_hd__fill_2 couldn't be read
Cell sky130_fd_sc_hd__decap_8 couldn't be read
Cell sky130_fd_sc_hd__fill_2 couldn't be read
Cell sky130_fd_sc_hd__decap_8 couldn't be read
Cell sky130_fd_sc_hd__decap_12 couldn't be read
Cell sky130_fd_sc_hd__decap_6 couldn't be read
Cell sky130_fd_sc_hd__decap_8 couldn't be read
Cell sky130_fd_sc_hd__decap_12 couldn't be read
Cell sky130_fd_sc_hd__fill_1 couldn't be read
Cell sky130_fd_sc_hd__decap_8 couldn't be read
Cell sky130_fd_sc_hd__decap_8 couldn't be read
Cell sky130_fd_sc_hd__decap_3 couldn't be read
Cell sky130_fd_sc_hd__decap_12 couldn't be read
Cell sky130_fd_sc_hd__decap_12 couldn't be read
Cell sky130_fd_sc_hd__decap_8 couldn't be read
Cell sky130_fd_sc_hd__fill_2 couldn't be read
Cell sky130_fd_sc_hd__decap_8 couldn't be read
Cell sky130_fd_sc_hd__decap_8 couldn't be read
Cell sky130_fd_sc_hd__fill_2 couldn't be read
Cell sky130_fd_sc_hd__decap_8 couldn't be read
Cell sky130_fd_sc_hd__decap_3 couldn't be read
Cell sky130_fd_sc_hd__decap_12 couldn't be read
Cell sky130_fd_sc_hd__decap_8 couldn't be read
Cell sky130_fd_sc_hd__decap_8 couldn't be read
Cell sky130_fd_sc_hd__decap_12 couldn't be read
Cell sky130_fd_sc_hd__fill_2 couldn't be read
Cell sky130_fd_sc_hd__decap_8 couldn't be read
Cell sky130_fd_sc_hd__decap_4 couldn't be read
Cell sky130_fd_sc_hd__decap_8 couldn't be read
Cell sky130_fd_sc_hd__decap_12 couldn't be read
Cell sky130_fd_sc_hd__decap_4 couldn't be read
Cell sky130_fd_sc_hd__decap_8 couldn't be read
Cell sky130_fd_sc_hd__decap_12 couldn't be read
Cell sky130_fd_sc_hd__decap_12 couldn't be read
Cell sky130_fd_sc_hd__decap_4 couldn't be read
Cell sky130_fd_sc_hd__decap_4 couldn't be read
Cell sky130_fd_sc_hd__fill_1 couldn't be read
Cell sky130_fd_sc_hd__decap_8 couldn't be read
Cell sky130_fd_sc_hd__decap_12 couldn't be read
Cell sky130_fd_sc_hd__decap_3 couldn't be read
Cell sky130_fd_sc_hd__fill_1 couldn't be read
Cell sky130_fd_sc_hd__decap_12 couldn't be read
Cell sky130_fd_sc_hd__decap_3 couldn't be read
Cell sky130_fd_sc_hd__decap_8 couldn't be read
Cell sky130_fd_sc_hd__decap_8 couldn't be read
Cell sky130_fd_sc_hd__fill_1 couldn't be read
Cell sky130_fd_sc_hd__decap_12 couldn't be read
Cell sky130_fd_sc_hd__decap_8 couldn't be read
Cell sky130_fd_sc_hd__decap_6 couldn't be read
Cell sky130_fd_sc_hd__fill_1 couldn't be read
Cell sky130_fd_sc_hd__decap_8 couldn't be read
Cell sky130_fd_sc_hd__decap_12 couldn't be read
Cell sky130_fd_sc_hd__decap_12 couldn't be read
Cell sky130_fd_sc_hd__decap_6 couldn't be read
Cell sky130_fd_sc_hd__decap_8 couldn't be read
Cell sky130_fd_sc_hd__decap_8 couldn't be read
Cell sky130_fd_sc_hd__decap_12 couldn't be read
Cell sky130_fd_sc_hd__decap_4 couldn't be read
Cell sky130_fd_sc_hd__fill_1 couldn't be read
Cell sky130_fd_sc_hd__decap_8 couldn't be read
Cell sky130_fd_sc_hd__decap_12 couldn't be read
Cell sky130_fd_sc_hd__fill_1 couldn't be read
Cell sky130_fd_sc_hd__decap_8 couldn't be read
Cell sky130_fd_sc_hd__fill_1 couldn't be read
Cell sky130_fd_sc_hd__decap_12 couldn't be read
Cell sky130_fd_sc_hd__decap_4 couldn't be read
Cell sky130_fd_sc_hd__fill_1 couldn't be read
Cell sky130_fd_sc_hd__decap_8 couldn't be read
Cell sky130_fd_sc_hd__decap_12 couldn't be read
Cell sky130_fd_sc_hd__decap_12 couldn't be read
Cell sky130_fd_sc_hd__decap_4 couldn't be read
Cell sky130_fd_sc_hd__fill_1 couldn't be read
Cell sky130_fd_sc_hd__decap_8 couldn't be read
Cell sky130_fd_sc_hd__decap_12 couldn't be read
Cell sky130_fd_sc_hd__decap_4 couldn't be read
Cell sky130_fd_sc_hd__fill_1 couldn't be read
Cell sky130_fd_sc_hd__decap_8 couldn't be read
Cell sky130_fd_sc_hd__decap_3 couldn't be read
Cell sky130_fd_sc_hd__decap_8 couldn't be read
Cell sky130_fd_sc_hd__decap_8 couldn't be read
Cell sky130_fd_sc_hd__fill_2 couldn't be read
Cell sky130_fd_sc_hd__decap_8 couldn't be read
Cell sky130_fd_sc_hd__fill_2 couldn't be read
Cell sky130_fd_sc_hd__decap_12 couldn't be read
Cell sky130_fd_sc_hd__fill_2 couldn't be read
Cell sky130_fd_sc_hd__fill_1 couldn't be read
Cell sky130_fd_sc_hd__decap_8 couldn't be read
Cell sky130_fd_sc_hd__decap_12 couldn't be read
Cell sky130_fd_sc_hd__fill_2 couldn't be read
Cell sky130_fd_sc_hd__decap_8 couldn't be read
Cell sky130_fd_sc_hd__fill_2 couldn't be read
Cell sky130_fd_sc_hd__decap_12 couldn't be read
Cell sky130_fd_sc_hd__fill_1 couldn't be read
Cell sky130_fd_sc_hd__decap_12 couldn't be read
Cell sky130_fd_sc_hd__decap_8 couldn't be read
Cell sky130_fd_sc_hd__decap_12 couldn't be read
Cell sky130_fd_sc_hd__decap_4 couldn't be read
Cell sky130_fd_sc_hd__decap_8 couldn't be read
Cell sky130_fd_sc_hd__fill_2 couldn't be read
Cell sky130_fd_sc_hd__decap_12 couldn't be read
Cell sky130_fd_sc_hd__decap_6 couldn't be read
Cell sky130_fd_sc_hd__decap_8 couldn't be read
Cell sky130_fd_sc_hd__fill_1 couldn't be read
Cell sky130_fd_sc_hd__decap_8 couldn't be read
Cell sky130_fd_sc_hd__decap_8 couldn't be read
Cell sky130_fd_sc_hd__decap_6 couldn't be read
Cell sky130_fd_sc_hd__fill_1 couldn't be read
Cell sky130_fd_sc_hd__decap_4 couldn't be read
Cell sky130_fd_sc_hd__decap_12 couldn't be read
Cell sky130_fd_sc_hd__decap_4 couldn't be read
Cell sky130_fd_sc_hd__decap_8 couldn't be read
Cell sky130_fd_sc_hd__decap_8 couldn't be read
Cell sky130_fd_sc_hd__decap_12 couldn't be read
Cell sky130_fd_sc_hd__fill_1 couldn't be read
Cell sky130_fd_sc_hd__decap_8 couldn't be read
Cell sky130_fd_sc_hd__fill_2 couldn't be read
Cell sky130_fd_sc_hd__decap_8 couldn't be read
Cell sky130_fd_sc_hd__decap_8 couldn't be read
Cell sky130_fd_sc_hd__fill_2 couldn't be read
Cell sky130_fd_sc_hd__decap_8 couldn't be read
Cell sky130_fd_sc_hd__decap_8 couldn't be read
Cell sky130_fd_sc_hd__fill_1 couldn't be read
Cell sky130_fd_sc_hd__decap_8 couldn't be read
Cell sky130_fd_sc_hd__decap_3 couldn't be read
Cell sky130_fd_sc_hd__decap_8 couldn't be read
Cell sky130_fd_sc_hd__decap_8 couldn't be read
Cell sky130_fd_sc_hd__decap_12 couldn't be read
Cell sky130_fd_sc_hd__fill_1 couldn't be read
Cell sky130_fd_sc_hd__decap_4 couldn't be read
Cell sky130_fd_sc_hd__decap_8 couldn't be read
Cell sky130_fd_sc_hd__decap_8 couldn't be read
Cell sky130_fd_sc_hd__fill_1 couldn't be read
Cell sky130_fd_sc_hd__decap_12 couldn't be read
Cell sky130_fd_sc_hd__decap_12 couldn't be read
Cell sky130_fd_sc_hd__decap_8 couldn't be read
Cell sky130_fd_sc_hd__fill_1 couldn't be read
Cell sky130_fd_sc_hd__decap_8 couldn't be read
Cell sky130_fd_sc_hd__decap_6 couldn't be read
Cell sky130_fd_sc_hd__decap_8 couldn't be read
Cell sky130_fd_sc_hd__decap_8 couldn't be read
Cell sky130_fd_sc_hd__decap_4 couldn't be read
Cell sky130_fd_sc_hd__fill_2 couldn't be read
Cell sky130_fd_sc_hd__decap_8 couldn't be read
Cell sky130_fd_sc_hd__decap_8 couldn't be read
Cell sky130_fd_sc_hd__decap_8 couldn't be read
Cell sky130_fd_sc_hd__fill_1 couldn't be read
Cell sky130_fd_sc_hd__fill_2 couldn't be read
Cell sky130_fd_sc_hd__decap_8 couldn't be read
Cell sky130_fd_sc_hd__decap_8 couldn't be read
Cell sky130_fd_sc_hd__decap_8 couldn't be read
Cell sky130_fd_sc_hd__decap_8 couldn't be read
Cell sky130_fd_sc_hd__decap_12 couldn't be read
Cell sky130_fd_sc_hd__decap_12 couldn't be read
Cell sky130_fd_sc_hd__decap_4 couldn't be read
Cell sky130_fd_sc_hd__decap_12 couldn't be read
Cell sky130_fd_sc_hd__decap_12 couldn't be read
Cell sky130_fd_sc_hd__decap_3 couldn't be read
Cell sky130_fd_sc_hd__decap_8 couldn't be read
Cell sky130_fd_sc_hd__decap_8 couldn't be read
Cell sky130_fd_sc_hd__decap_8 couldn't be read
Cell sky130_fd_sc_hd__decap_8 couldn't be read
Cell sky130_fd_sc_hd__decap_12 couldn't be read
Cell sky130_fd_sc_hd__decap_4 couldn't be read
Cell sky130_fd_sc_hd__decap_8 couldn't be read
Cell sky130_fd_sc_hd__decap_4 couldn't be read
Cell sky130_fd_sc_hd__fill_1 couldn't be read
Cell sky130_fd_sc_hd__decap_8 couldn't be read
Cell sky130_fd_sc_hd__decap_8 couldn't be read
Cell sky130_fd_sc_hd__decap_3 couldn't be read
Cell sky130_fd_sc_hd__decap_3 couldn't be read
Cell sky130_fd_sc_hd__decap_12 couldn't be read
Cell sky130_fd_sc_hd__decap_12 couldn't be read
Cell sky130_fd_sc_hd__decap_12 couldn't be read
Cell sky130_fd_sc_hd__decap_12 couldn't be read
Cell sky130_fd_sc_hd__decap_12 couldn't be read
Cell sky130_fd_sc_hd__decap_8 couldn't be read
Cell sky130_fd_sc_hd__fill_2 couldn't be read
Cell sky130_fd_sc_hd__decap_8 couldn't be read
Cell sky130_fd_sc_hd__fill_1 couldn't be read
Cell sky130_fd_sc_hd__decap_8 couldn't be read
Cell sky130_fd_sc_hd__decap_12 couldn't be read
Cell sky130_fd_sc_hd__decap_12 couldn't be read
Cell sky130_fd_sc_hd__fill_1 couldn't be read
Cell sky130_fd_sc_hd__decap_8 couldn't be read
Cell sky130_fd_sc_hd__decap_8 couldn't be read
Cell sky130_fd_sc_hd__decap_8 couldn't be read
Cell sky130_fd_sc_hd__decap_12 couldn't be read
Cell sky130_fd_sc_hd__decap_6 couldn't be read
Cell sky130_fd_sc_hd__decap_8 couldn't be read
Cell sky130_fd_sc_hd__decap_12 couldn't be read
Cell sky130_fd_sc_hd__decap_12 couldn't be read
Cell sky130_fd_sc_hd__decap_4 couldn't be read
Cell sky130_fd_sc_hd__decap_12 couldn't be read
Cell sky130_fd_sc_hd__decap_12 couldn't be read
Cell sky130_fd_sc_hd__fill_1 couldn't be read
Cell sky130_fd_sc_hd__decap_8 couldn't be read
Cell sky130_fd_sc_hd__decap_8 couldn't be read
Cell sky130_fd_sc_hd__decap_6 couldn't be read
Cell sky130_fd_sc_hd__fill_1 couldn't be read
Cell sky130_fd_sc_hd__decap_8 couldn't be read
Cell sky130_fd_sc_hd__decap_8 couldn't be read
Cell sky130_fd_sc_hd__decap_3 couldn't be read
Cell sky130_fd_sc_hd__decap_8 couldn't be read
Cell sky130_fd_sc_hd__decap_12 couldn't be read
Cell sky130_fd_sc_hd__decap_4 couldn't be read
Cell sky130_fd_sc_hd__fill_1 couldn't be read
Cell sky130_fd_sc_hd__decap_8 couldn't be read
Cell sky130_fd_sc_hd__decap_12 couldn't be read
Cell sky130_fd_sc_hd__fill_1 couldn't be read
Cell sky130_fd_sc_hd__decap_12 couldn't be read
Cell sky130_fd_sc_hd__decap_12 couldn't be read
Cell sky130_fd_sc_hd__decap_12 couldn't be read
Cell sky130_fd_sc_hd__decap_12 couldn't be read
Cell sky130_fd_sc_hd__decap_8 couldn't be read
Cell sky130_fd_sc_hd__fill_2 couldn't be read
Cell sky130_fd_sc_hd__decap_6 couldn't be read
Cell sky130_fd_sc_hd__fill_1 couldn't be read
Cell sky130_fd_sc_hd__decap_8 couldn't be read
Cell sky130_fd_sc_hd__decap_8 couldn't be read
Cell sky130_fd_sc_hd__decap_8 couldn't be read
Cell sky130_fd_sc_hd__fill_2 couldn't be read
Cell sky130_fd_sc_hd__decap_8 couldn't be read
Cell sky130_fd_sc_hd__fill_2 couldn't be read
Cell sky130_fd_sc_hd__decap_8 couldn't be read
Cell sky130_fd_sc_hd__decap_8 couldn't be read
Cell sky130_fd_sc_hd__decap_8 couldn't be read
Cell sky130_fd_sc_hd__decap_8 couldn't be read
Cell sky130_fd_sc_hd__fill_1 couldn't be read
Cell sky130_fd_sc_hd__decap_8 couldn't be read
Cell sky130_fd_sc_hd__decap_12 couldn't be read
Cell sky130_fd_sc_hd__decap_12 couldn't be read
Cell sky130_fd_sc_hd__decap_4 couldn't be read
Cell sky130_fd_sc_hd__decap_12 couldn't be read
Cell sky130_fd_sc_hd__decap_12 couldn't be read
Cell sky130_fd_sc_hd__decap_12 couldn't be read
Cell sky130_fd_sc_hd__fill_1 couldn't be read
Cell sky130_fd_sc_hd__decap_8 couldn't be read
Cell sky130_fd_sc_hd__fill_1 couldn't be read
Cell sky130_fd_sc_hd__decap_8 couldn't be read
Cell sky130_fd_sc_hd__decap_12 couldn't be read
Cell sky130_fd_sc_hd__decap_4 couldn't be read
Cell sky130_fd_sc_hd__decap_8 couldn't be read
Cell sky130_fd_sc_hd__decap_8 couldn't be read
Cell sky130_fd_sc_hd__fill_2 couldn't be read
Cell sky130_fd_sc_hd__decap_8 couldn't be read
Cell sky130_fd_sc_hd__decap_12 couldn't be read
Cell sky130_fd_sc_hd__decap_8 couldn't be read
Cell sky130_fd_sc_hd__fill_2 couldn't be read
Cell sky130_fd_sc_hd__decap_12 couldn't be read
Cell sky130_fd_sc_hd__decap_12 couldn't be read
Cell sky130_fd_sc_hd__decap_4 couldn't be read
Cell sky130_fd_sc_hd__fill_1 couldn't be read
Cell sky130_fd_sc_hd__decap_12 couldn't be read
Cell sky130_fd_sc_hd__decap_12 couldn't be read
Cell sky130_fd_sc_hd__decap_12 couldn't be read
Cell sky130_fd_sc_hd__decap_12 couldn't be read
Cell sky130_fd_sc_hd__decap_8 couldn't be read
Cell sky130_fd_sc_hd__fill_2 couldn't be read
Cell sky130_fd_sc_hd__decap_4 couldn't be read
Cell sky130_fd_sc_hd__fill_1 couldn't be read
Cell sky130_fd_sc_hd__decap_8 couldn't be read
Cell sky130_fd_sc_hd__decap_12 couldn't be read
Cell sky130_fd_sc_hd__decap_6 couldn't be read
Cell sky130_fd_sc_hd__fill_2 couldn't be read
Cell sky130_fd_sc_hd__decap_8 couldn't be read
Cell sky130_fd_sc_hd__decap_8 couldn't be read
Cell sky130_fd_sc_hd__fill_2 couldn't be read
Cell sky130_fd_sc_hd__decap_8 couldn't be read
Cell sky130_fd_sc_hd__decap_3 couldn't be read
Cell sky130_fd_sc_hd__decap_12 couldn't be read
Cell sky130_fd_sc_hd__decap_3 couldn't be read
Cell sky130_fd_sc_hd__decap_12 couldn't be read
Cell sky130_fd_sc_hd__decap_4 couldn't be read
Cell sky130_fd_sc_hd__fill_1 couldn't be read
Cell sky130_fd_sc_hd__decap_8 couldn't be read
Cell sky130_fd_sc_hd__decap_12 couldn't be read
Cell sky130_fd_sc_hd__decap_12 couldn't be read
Cell sky130_fd_sc_hd__decap_4 couldn't be read
Cell sky130_fd_sc_hd__decap_12 couldn't be read
Cell sky130_fd_sc_hd__decap_12 couldn't be read
Cell sky130_fd_sc_hd__fill_2 couldn't be read
Cell sky130_fd_sc_hd__decap_8 couldn't be read
Cell sky130_fd_sc_hd__fill_2 couldn't be read
Cell sky130_fd_sc_hd__decap_8 couldn't be read
Cell sky130_fd_sc_hd__decap_8 couldn't be read
Cell sky130_fd_sc_hd__decap_8 couldn't be read
Cell sky130_fd_sc_hd__decap_12 couldn't be read
Cell sky130_fd_sc_hd__fill_1 couldn't be read
Cell sky130_fd_sc_hd__decap_12 couldn't be read
Cell sky130_fd_sc_hd__decap_3 couldn't be read
Cell sky130_fd_sc_hd__decap_8 couldn't be read
Cell sky130_fd_sc_hd__decap_8 couldn't be read
Cell sky130_fd_sc_hd__fill_2 couldn't be read
Cell sky130_fd_sc_hd__decap_8 couldn't be read
Cell sky130_fd_sc_hd__decap_3 couldn't be read
Cell sky130_fd_sc_hd__decap_6 couldn't be read
Cell sky130_fd_sc_hd__fill_1 couldn't be read
Cell sky130_fd_sc_hd__decap_8 couldn't be read
Cell sky130_fd_sc_hd__decap_12 couldn't be read
Cell sky130_fd_sc_hd__fill_1 couldn't be read
Cell sky130_fd_sc_hd__decap_12 couldn't be read
Cell sky130_fd_sc_hd__decap_12 couldn't be read
Cell sky130_fd_sc_hd__decap_12 couldn't be read
Cell sky130_fd_sc_hd__decap_12 couldn't be read
Cell sky130_fd_sc_hd__decap_8 couldn't be read
Cell sky130_fd_sc_hd__fill_2 couldn't be read
Cell sky130_fd_sc_hd__decap_8 couldn't be read
Cell sky130_fd_sc_hd__decap_8 couldn't be read
Cell sky130_fd_sc_hd__decap_3 couldn't be read
Cell sky130_fd_sc_hd__decap_8 couldn't be read
Cell sky130_fd_sc_hd__decap_8 couldn't be read
Cell sky130_fd_sc_hd__decap_8 couldn't be read
Cell sky130_fd_sc_hd__decap_12 couldn't be read
Cell sky130_fd_sc_hd__decap_8 couldn't be read
Cell sky130_fd_sc_hd__fill_2 couldn't be read
Cell sky130_fd_sc_hd__decap_8 couldn't be read
Cell sky130_fd_sc_hd__fill_1 couldn't be read
Cell sky130_fd_sc_hd__decap_8 couldn't be read
Cell sky130_fd_sc_hd__decap_12 couldn't be read
Cell sky130_fd_sc_hd__fill_1 couldn't be read
Cell sky130_fd_sc_hd__decap_8 couldn't be read
Cell sky130_fd_sc_hd__decap_12 couldn't be read
Cell sky130_fd_sc_hd__decap_12 couldn't be read
Cell sky130_fd_sc_hd__decap_4 couldn't be read
Cell sky130_fd_sc_hd__decap_12 couldn't be read
Cell sky130_fd_sc_hd__decap_12 couldn't be read
Cell sky130_fd_sc_hd__decap_12 couldn't be read
Cell sky130_fd_sc_hd__fill_2 couldn't be read
Cell sky130_fd_sc_hd__decap_8 couldn't be read
Cell sky130_fd_sc_hd__decap_3 couldn't be read
Cell sky130_fd_sc_hd__decap_12 couldn't be read
Cell sky130_fd_sc_hd__decap_3 couldn't be read
Cell sky130_fd_sc_hd__decap_12 couldn't be read
Cell sky130_fd_sc_hd__fill_1 couldn't be read
Cell sky130_fd_sc_hd__decap_12 couldn't be read
Cell sky130_fd_sc_hd__decap_6 couldn't be read
Cell sky130_fd_sc_hd__decap_12 couldn't be read
Cell sky130_fd_sc_hd__decap_12 couldn't be read
Cell sky130_fd_sc_hd__decap_4 couldn't be read
Cell sky130_fd_sc_hd__fill_1 couldn't be read
Cell sky130_fd_sc_hd__decap_12 couldn't be read
Cell sky130_fd_sc_hd__decap_12 couldn't be read
Cell sky130_fd_sc_hd__decap_12 couldn't be read
Cell sky130_fd_sc_hd__decap_12 couldn't be read
Cell sky130_fd_sc_hd__decap_8 couldn't be read
Cell sky130_fd_sc_hd__fill_2 couldn't be read
Cell sky130_fd_sc_hd__decap_4 couldn't be read
Cell sky130_fd_sc_hd__fill_1 couldn't be read
Cell sky130_fd_sc_hd__decap_8 couldn't be read
Cell sky130_fd_sc_hd__decap_8 couldn't be read
Cell sky130_fd_sc_hd__decap_8 couldn't be read
Cell sky130_fd_sc_hd__decap_12 couldn't be read
Cell sky130_fd_sc_hd__decap_12 couldn't be read
Cell sky130_fd_sc_hd__decap_6 couldn't be read
Cell sky130_fd_sc_hd__fill_1 couldn't be read
Cell sky130_fd_sc_hd__decap_8 couldn't be read
Cell sky130_fd_sc_hd__fill_2 couldn't be read
Cell sky130_fd_sc_hd__decap_8 couldn't be read
Cell sky130_fd_sc_hd__decap_12 couldn't be read
Cell sky130_fd_sc_hd__decap_4 couldn't be read
Cell sky130_fd_sc_hd__fill_1 couldn't be read
Cell sky130_fd_sc_hd__decap_8 couldn't be read
Cell sky130_fd_sc_hd__decap_12 couldn't be read
Cell sky130_fd_sc_hd__decap_12 couldn't be read
Cell sky130_fd_sc_hd__decap_4 couldn't be read
Cell sky130_fd_sc_hd__decap_12 couldn't be read
Cell sky130_fd_sc_hd__decap_12 couldn't be read
Cell sky130_fd_sc_hd__decap_6 couldn't be read
Cell sky130_fd_sc_hd__decap_8 couldn't be read
Cell sky130_fd_sc_hd__fill_2 couldn't be read
Cell sky130_fd_sc_hd__decap_8 couldn't be read
Cell sky130_fd_sc_hd__decap_12 couldn't be read
Cell sky130_fd_sc_hd__decap_12 couldn't be read
Cell sky130_fd_sc_hd__decap_3 couldn't be read
Cell sky130_fd_sc_hd__fill_2 couldn't be read
Cell sky130_fd_sc_hd__decap_12 couldn't be read
Cell sky130_fd_sc_hd__decap_6 couldn't be read
Cell sky130_fd_sc_hd__fill_1 couldn't be read
Cell sky130_fd_sc_hd__decap_12 couldn't be read
Cell sky130_fd_sc_hd__decap_12 couldn't be read
Cell sky130_fd_sc_hd__decap_6 couldn't be read
Cell sky130_fd_sc_hd__decap_6 couldn't be read
Cell sky130_fd_sc_hd__fill_1 couldn't be read
Cell sky130_fd_sc_hd__decap_8 couldn't be read
Cell sky130_fd_sc_hd__fill_1 couldn't be read
Cell sky130_fd_sc_hd__decap_12 couldn't be read
Cell sky130_fd_sc_hd__decap_12 couldn't be read
Cell sky130_fd_sc_hd__decap_6 couldn't be read
Cell sky130_fd_sc_hd__decap_4 couldn't be read
  Processed 1538 subcell instances total.
  Processed 38 pins total.
  Processed 2 special nets total.
  Processed 418 nets total.
DEF read: Processed 7838 lines.
DEF Read: encountered 1538 errors total.
[INFO]: Zeroizing Origin
[INFO]: Current Box Values: 0 0 25761 27905
[INFO]: Saving .mag view With BBox Values: 0 0 25761 27905
[INFO]: GDS Write Complete
Generating LEF output /openLANE_flow/designs/spm/runs/02-11_06-04/results/magic/spm.lef for cell spm:
Diagnostic:  Write LEF header for cell spm
Diagnostic:  Writing LEF output for cell spm
Diagnostic:  Scale value is 0.005000
[INFO]: LEF Write Complete
[INFO]: MAGIC TAPEOUT STEP DONE
