Notice 0: Reading LEF file:  /project/openlane/runs/nm/tmp/merged.lef
Notice 0:     Created 11 technology layers
Notice 0:     Created 25 technology vias
Notice 0:     Created 437 library cells
Notice 0: Finished LEF file:  /project/openlane/runs/nm/tmp/merged.lef
Notice 0: 
Reading DEF file: /project/openlane/runs/nm/results/routing/nm.def
Notice 0: Design: nm
Notice 0: 		Created 100000 Insts
Notice 0: 		Created 200000 Insts
Notice 0:     Created 32 pins.
Notice 0:     Created 207967 components and 566940 component-terminals.
Notice 0:     Created 2 special nets and 0 connections.
Notice 0:     Created 46208 nets and 151006 connections.
Notice 0: Finished DEF file: /project/openlane/runs/nm/results/routing/nm.def
Top-level design name: nm
Found port VPWR of type SIGNAL
Found port VGND of type SIGNAL
Power net:  VPWR
Ground net: VGND
Modified power connections of 207967 cells (Remaining: 0 ).
