Wed Nov 04 18:43:16 UTC 2020 - Executing "/openLANE_flow/scripts/mergeLef.py -i /home/aag/latest_pdk//sky130A/libs.ref/sky130_fd_sc_hd/techlef/sky130_fd_sc_hd.tlef /home/aag/latest_pdk/sky130A/libs.ref/sky130_fd_sc_hd/lef/sky130_fd_sc_hd.lef -o /project/openlane/runs/nm/tmp/merged_unpadded.lef |& tee >&@stdout"

Wed Nov 04 18:43:17 UTC 2020 - Executing "/openLANE_flow/scripts/padLefMacro.py -s unithd -r 8 -i /project/openlane/runs/nm/tmp/merged_unpadded.lef -o /project/openlane/runs/nm/tmp/merged.lef -e {sky130_fd_sc_hd__tap* sky130_fd_sc_hd__decap* sky130_fd_sc_hd__fill*} |& tee >&@stdout"

Wed Nov 04 18:43:28 UTC 2020 - Executing "/openLANE_flow/scripts/libtrim.pl /home/aag/latest_pdk//sky130A/libs.ref/sky130_fd_sc_hd/lib/sky130_fd_sc_hd__tt_025C_1v80.lib /home/aag/latest_pdk//sky130A/libs.tech/openlane/sky130_fd_sc_hd/no_synth.cells > /project/openlane/runs/nm/tmp/trimmed.lib"

Wed Nov 04 18:43:28 UTC 2020 - Executing "yosys -c /openLANE_flow/scripts/synth.tcl -l /project/openlane/runs/nm/logs/synthesis/yosys.log |& tee >&@stdout"

Wed Nov 04 19:00:19 UTC 2020 - Executing "sed -i -e {s/\(set ::env(CURRENT_NETLIST)\).*/\1 \/project\/openlane\/runs\/nm\/results\/synthesis\/nm.synthesis.v/} /project/openlane/runs/nm/config.tcl"

Wed Nov 04 19:00:19 UTC 2020 - Executing "sed -i -e {s/\(set ::env(PREV_NETLIST)\).*/\1 0/} /project/openlane/runs/nm/config.tcl"

Wed Nov 04 19:00:19 UTC 2020 - Executing "sta /openLANE_flow/scripts/sta.tcl |& tee >&@stdout /project/openlane/runs/nm/logs/synthesis/opensta.log"

Wed Nov 04 19:00:25 UTC 2020 - Executing "openroad -exit /openLANE_flow/scripts/openroad/or_floorplan.tcl |& tee >&@stdout /project/openlane/runs/nm/logs/floorplan/verilog2def.openroad.log"

Wed Nov 04 19:00:29 UTC 2020 - Executing "openroad -exit /openLANE_flow/scripts/openroad/or_ioplacer.tcl |& tee >&@stdout /project/openlane/runs/nm/logs/floorplan/ioPlacer.log"

Wed Nov 04 19:00:31 UTC 2020 - Executing "openroad -exit /openLANE_flow/scripts/openroad/or_tapcell.tcl |& tee >&@stdout /project/openlane/runs/nm/logs/floorplan/tapcell.log"

Wed Nov 04 19:00:37 UTC 2020 - Executing "openroad -exit /openLANE_flow/scripts/openroad/or_replace.tcl |& tee >&@stdout /project/openlane/runs/nm/logs/placement/replace.log"

Wed Nov 04 19:01:39 UTC 2020 - Executing "/openLANE_flow/scripts/libtrim.pl /home/aag/latest_pdk//sky130A/libs.ref/sky130_fd_sc_hd/lib/sky130_fd_sc_hd__ss_100C_1v60.lib /home/aag/latest_pdk//sky130A/libs.tech/openlane/sky130_fd_sc_hd/no_synth.cells > /project/openlane/runs/nm/tmp/opt.lib"

Wed Nov 04 19:01:40 UTC 2020 - Executing "Psn /openLANE_flow/scripts/openPhySyn.tcl |& tee >&@stdout /project/openlane/runs/nm/logs/placement/openphysyn.log"

Wed Nov 04 19:03:09 UTC 2020 - Executing "openroad -exit /openLANE_flow/scripts/openroad/or_write_verilog.tcl |& tee >&@stdout /project/openlane/runs/nm/logs/write_verilog.log"

Wed Nov 04 19:03:11 UTC 2020 - Executing "sed -i -e {s/\(set ::env(CURRENT_NETLIST)\).*/\1 \/project\/openlane\/runs\/nm\/results\/synthesis\/nm.synthesis_optimized.v/} /project/openlane/runs/nm/config.tcl"

Wed Nov 04 19:03:11 UTC 2020 - Executing "sed -i -e {s/\(set ::env(PREV_NETLIST)\).*/\1 \/project\/openlane\/runs\/nm\/results\/synthesis\/nm.synthesis.v/} /project/openlane/runs/nm/config.tcl"

Wed Nov 04 19:03:11 UTC 2020 - Executing "sta /openLANE_flow/scripts/sta.tcl |& tee >&@stdout /project/openlane/runs/nm/logs/synthesis/opensta_post_openphysyn.log"

Wed Nov 04 19:03:18 UTC 2020 - Executing "opendp -lef /project/openlane/runs/nm/tmp/merged.lef -def /project/openlane/runs/nm/tmp/placement/openphysyn.def -output_def /project/openlane/runs/nm/results/placement/nm.placement.def |& tee >&@stdout /project/openlane/runs/nm/logs/placement/opendp.log"

Wed Nov 04 19:03:23 UTC 2020 - Executing "openroad -exit /openLANE_flow/scripts/openroad/or_cts.tcl |& tee >&@stdout /project/openlane/runs/nm/logs/cts/cts.log"

Wed Nov 04 19:05:48 UTC 2020 - Executing "openroad -exit /openLANE_flow/scripts/openroad/or_write_verilog.tcl |& tee >&@stdout /project/openlane/runs/nm/logs/write_verilog.log"

Wed Nov 04 19:05:51 UTC 2020 - Executing "sed -i -e {s/\(set ::env(CURRENT_NETLIST)\).*/\1 \/project\/openlane\/runs\/nm\/results\/synthesis\/nm.synthesis_cts.v/} /project/openlane/runs/nm/config.tcl"

Wed Nov 04 19:05:51 UTC 2020 - Executing "sed -i -e {s/\(set ::env(PREV_NETLIST)\).*/\1 \/project\/openlane\/runs\/nm\/results\/synthesis\/nm.synthesis_optimized.v/} /project/openlane/runs/nm/config.tcl"

Wed Nov 04 19:05:51 UTC 2020 - Executing "openroad -exit /openLANE_flow/scripts/new_pdn.tcl |& tee >&@stdout /project/openlane/runs/nm/logs/floorplan/pdn.log"

Wed Nov 04 19:06:02 UTC 2020 - Executing "openroad -exit /openLANE_flow/scripts/openroad/or_route.tcl |& tee >&@stdout /project/openlane/runs/nm/logs/routing/fastroute.log"

Wed Nov 04 19:06:25 UTC 2020 - Executing "openroad -exit /openLANE_flow/scripts/openroad/or_route.tcl |& tee >&@stdout /project/openlane/runs/nm/logs/routing/fastroute_post_antenna.log"

Wed Nov 04 19:07:04 UTC 2020 - Executing "openroad -exit /openLANE_flow/scripts/openroad/or_fill.tcl |& tee >&@stdout /project/openlane/runs/nm/logs/routing/addspacers.log"

Wed Nov 04 19:07:08 UTC 2020 - Executing "openroad -exit /openLANE_flow/scripts/openroad/or_write_verilog.tcl |& tee >&@stdout /project/openlane/runs/nm/logs/write_verilog.log"

Wed Nov 04 19:07:11 UTC 2020 - Executing "sed -i -e {s/\(set ::env(CURRENT_NETLIST)\).*/\1 \/project\/openlane\/runs\/nm\/results\/synthesis\/nm.synthesis_preroute.v/} /project/openlane/runs/nm/config.tcl"

Wed Nov 04 19:07:11 UTC 2020 - Executing "sed -i -e {s/\(set ::env(PREV_NETLIST)\).*/\1 \/project\/openlane\/runs\/nm\/results\/synthesis\/nm.synthesis_cts.v/} /project/openlane/runs/nm/config.tcl"

Wed Nov 04 19:07:11 UTC 2020 - Executing "envsubst < /openLANE_flow/scripts/tritonRoute.param > /project/openlane/runs/nm/tmp/routing/tritonRoute.param"

Wed Nov 04 19:07:11 UTC 2020 - Executing "TritonRoute /project/openlane/runs/nm/tmp/routing/tritonRoute.param |& tee >&@stdout /project/openlane/runs/nm/logs/routing/tritonRoute.log"

Wed Nov 04 19:54:47 UTC 2020 - Executing "python3 /openLANE_flow/scripts/spef_extractor/main.py -l /project/openlane/runs/nm/tmp/merged_unpadded.lef -d /project/openlane/runs/nm/results/routing/nm.def -mw L -ec 1 |& tee >&@stdout /project/openlane/runs/nm/logs/routing/spef_extraction.log"

Wed Nov 04 20:01:38 UTC 2020 - Executing "sta /openLANE_flow/scripts/sta.tcl |& tee >&@stdout /project/openlane/runs/nm/logs/synthesis/opensta_spef.log"

Wed Nov 04 20:01:56 UTC 2020 - Executing "python3 /openLANE_flow/scripts/write_powered_def.py -d /project/openlane/runs/nm/results/routing/nm.def -l /project/openlane/runs/nm/tmp/merged.lef -v VPWR -g VGND -o /project/openlane/runs/nm/tmp/routing/nm.powered.def |& tee >&@stdout /project/openlane/runs/nm/logs/lvs/write_powered_verilog.log"

Wed Nov 04 20:02:34 UTC 2020 - Executing "openroad -exit /openLANE_flow/scripts/openroad/or_write_verilog.tcl |& tee >&@stdout /project/openlane/runs/nm/logs/write_verilog.log"

Wed Nov 04 20:02:42 UTC 2020 - Executing "yosys -c /openLANE_flow/scripts/yosys_rewrite_verilog.tcl -l /project/openlane/runs/nm/logs/synthesis/yosys_rewrite_verilog.log"

Wed Nov 04 20:19:56 UTC 2020 - Executing "sed -i -e {s/\(set ::env(CURRENT_NETLIST)\).*/\1 \/project\/openlane\/runs\/nm\/results\/lvs\/nm.lvs.powered.v/} /project/openlane/runs/nm/config.tcl"

Wed Nov 04 20:19:56 UTC 2020 - Executing "sed -i -e {s/\(set ::env(PREV_NETLIST)\).*/\1 \/project\/openlane\/runs\/nm\/results\/synthesis\/nm.synthesis_preroute.v/} /project/openlane/runs/nm/config.tcl"

Wed Nov 04 20:19:56 UTC 2020 - Executing "magic -noconsole -dnull -rcfile /home/aag/latest_pdk//sky130A/libs.tech/magic/sky130A.magicrc /openLANE_flow/scripts/magic.tcl </dev/null |& tee >&@stdout /project/openlane/runs/nm/logs/magic/magic.log"

Wed Nov 04 20:24:59 UTC 2020 - Executing "magic -noconsole -dnull -rcfile /home/aag/latest_pdk//sky130A/libs.tech/magic/sky130A.magicrc /project/openlane/runs/nm/tmp/magic_spice.tcl </dev/null |& tee >&@stdout /project/openlane/runs/nm/logs/magic/magic_spice.log"

Wed Nov 04 20:30:51 UTC 2020 - Executing "magic -noconsole -dnull -rcfile /home/aag/latest_pdk//sky130A/libs.tech/magic/sky130A.magicrc /openLANE_flow/scripts/magic_drc.tcl </dev/null |& tee >&@stdout /project/openlane/runs/nm/logs/magic/magic.drc.log"

Wed Nov 04 20:49:00 UTC 2020 - Executing "netgen -batch lvs {/project/openlane/runs/nm/results/magic/nm.spice nm} {/project/openlane/runs/nm/results/lvs/nm.lvs.powered.v nm} /home/aag/latest_pdk//sky130A/libs.tech/netgen/sky130A_setup.tcl /project/openlane/runs/nm/results/lvs/nm.lvs.log -json |& tee >&@stdout /project/openlane/runs/nm/logs/lvs/lvs.log"

Wed Nov 04 20:53:17 UTC 2020 - Executing "openroad -exit /openLANE_flow/scripts/openroad/or_antenna_check.tcl |& tee >&@stdout /project/openlane/runs/nm/logs/routing/or_antenna.log"

Wed Nov 04 20:54:21 UTC 2020 - Executing "python3 /openLANE_flow/report_generation_wrapper.py -d /project/openlane/input/nm -dn nm -t nm -o /project/openlane/runs/nm/reports/final_summary_report.csv -r /project/openlane/runs/nm"

