Startpoint: DS (input port clocked by G_CLK)
Endpoint: _75915_ (recovery check against rising-edge clock G_CLK')
Path Group: **async_default**
Path Type: max

  Delay    Time   Description
---------------------------------------------------------
   0.00    0.00   clock G_CLK (rise edge)
   0.00    0.00   clock network delay (ideal)
  23.00   23.00 v input external delay
   0.04   23.04 v DS (in)
   0.30   23.34 v _36740_/X (sky130_fd_sc_hd__buf_1)
   0.38   23.72 v _36741_/X (sky130_fd_sc_hd__buf_1)
   0.41   24.13 v _36742_/X (sky130_fd_sc_hd__buf_1)
   0.41   24.54 v _36743_/X (sky130_fd_sc_hd__buf_1)
   0.38   24.92 v _36744_/X (sky130_fd_sc_hd__buf_1)
   0.32   25.23 v _36745_/X (sky130_fd_sc_hd__buf_1)
   0.37   25.61 v _36746_/X (sky130_fd_sc_hd__buf_1)
   0.51   26.11 v _70318_/X (sky130_fd_sc_hd__buf_1)
   0.31   26.42 ^ _73314_/Y (sky130_fd_sc_hd__nor2_4)
   0.68   27.10 ^ _73315_/X (sky130_fd_sc_hd__a21o_4)
   0.54   27.64 ^ psn_inst_psn_buff_1446/X (sky130_fd_sc_hd__buf_1)
   0.47   28.12 ^ psn_inst_psn_buff_1448/X (sky130_fd_sc_hd__buf_8)
   0.91   29.02 ^ psn_inst_psn_buff_1797/X (sky130_fd_sc_hd__buf_8)
   1.04   30.06 ^ psn_inst_psn_buff_2012/X (sky130_fd_sc_hd__buf_4)
   0.49   30.55 ^ psn_inst_psn_buff_2027/X (sky130_fd_sc_hd__buf_1)
   0.00   30.55 ^ _75915_/SET_B (sky130_fd_sc_hd__dfstp_4)
          30.55   data arrival time

  57.50   57.50   clock G_CLK' (rise edge)
   0.00   57.50   clock network delay (ideal)
   0.00   57.50   clock reconvergence pessimism
          57.50 ^ _75915_/CLK (sky130_fd_sc_hd__dfstp_4)
   0.21   57.71   library recovery time
          57.71   data required time
---------------------------------------------------------
          57.71   data required time
         -30.55   data arrival time
---------------------------------------------------------
          27.15   slack (MET)


Startpoint: _73349_ (rising edge-triggered flip-flop clocked by G_CLK)
Endpoint: _36840_ (falling clock gating-check end-point clocked by G_CLK')
Path Group: **clock_gating_default**
Path Type: max

  Delay    Time   Description
---------------------------------------------------------
   0.00    0.00   clock G_CLK (rise edge)
   0.00    0.00   clock network delay (ideal)
   0.00    0.00 ^ _73349_/CLK (sky130_fd_sc_hd__dfrtp_4)
   0.92    0.92 v _73349_/Q (sky130_fd_sc_hd__dfrtp_4)
   0.00    0.92 v _36840_/B (sky130_fd_sc_hd__or2_4)
           0.92   data arrival time

 115.00  115.00   clock G_CLK' (fall edge)
   0.00  115.00   clock network delay (ideal)
   0.00  115.00   clock reconvergence pessimism
         115.00 v _36840_/A (sky130_fd_sc_hd__or2_4)
   0.00  115.00   clock gating setup time
         115.00   data required time
---------------------------------------------------------
         115.00   data required time
          -0.92   data arrival time
---------------------------------------------------------
         114.08   slack (MET)


Startpoint: DCI (input port clocked by G_CLK)
Endpoint: _74549_ (rising edge-triggered flip-flop clocked by G_CLK')
Path Group: G_CLK
Path Type: max

  Delay    Time   Description
---------------------------------------------------------
   0.00    0.00   clock G_CLK (rise edge)
   0.00    0.00   clock network delay (ideal)
  23.00   23.00 v input external delay
   0.04   23.04 v DCI (in)
   0.08   23.12 ^ _36975_/Y (sky130_fd_sc_hd__inv_8)
   0.19   23.31 ^ _36976_/X (sky130_fd_sc_hd__or2_4)
   0.52   23.83 ^ _36977_/X (sky130_fd_sc_hd__buf_1)
   0.17   23.99 v _67418_/Y (sky130_fd_sc_hd__inv_8)
   0.66   24.65 v _67420_/X (sky130_fd_sc_hd__a211o_4)
   0.08   24.74 ^ _67421_/Y (sky130_fd_sc_hd__inv_8)
   0.20   24.93 ^ _67422_/X (sky130_fd_sc_hd__or2_4)
   0.65   25.58 ^ _67434_/X (sky130_fd_sc_hd__buf_1)
   0.49   26.08 ^ _67464_/X (sky130_fd_sc_hd__o21a_4)
   0.24   26.31 ^ _67466_/X (sky130_fd_sc_hd__o21a_4)
   0.09   26.40 v _67468_/Y (sky130_fd_sc_hd__o21ai_4)
   0.00   26.40 v _74549_/D (sky130_fd_sc_hd__dfrtp_4)
          26.40   data arrival time

  57.50   57.50   clock G_CLK' (rise edge)
   0.00   57.50   clock network delay (ideal)
   0.00   57.50   clock reconvergence pessimism
          57.50 ^ _74549_/CLK (sky130_fd_sc_hd__dfrtp_4)
  -0.32   57.18   library setup time
          57.18   data required time
---------------------------------------------------------
          57.18   data required time
         -26.40   data arrival time
---------------------------------------------------------
          30.78   slack (MET)


