Startpoint: _74128_ (rising edge-triggered flip-flop clocked by G_CLK)
Endpoint: _73349_ (removal check against rising-edge clock G_CLK)
Path Group: **async_default**
Path Type: min

  Delay    Time   Description
---------------------------------------------------------
   0.00    0.00   clock G_CLK (rise edge)
   0.00    0.00   clock network delay (ideal)
   0.00    0.00 ^ _74128_/CLK (sky130_fd_sc_hd__dfrtp_4)
   0.28    0.28 v _74128_/Q (sky130_fd_sc_hd__dfrtp_4)
   0.23    0.51 v _69567_/X (sky130_fd_sc_hd__or3_4)
   0.15    0.67 v _69570_/X (sky130_fd_sc_hd__or2_4)
   0.10    0.77 v _69571_/X (sky130_fd_sc_hd__buf_1)
   0.05    0.82 ^ _69572_/Y (sky130_fd_sc_hd__inv_8)
   0.15    0.96 ^ _69573_/X (sky130_fd_sc_hd__buf_1)
   0.24    1.20 ^ _69574_/X (sky130_fd_sc_hd__buf_1)
   0.00    1.20 ^ _73349_/RESET_B (sky130_fd_sc_hd__dfrtp_4)
           1.20   data arrival time

   0.00    0.00   clock G_CLK (rise edge)
   0.00    0.00   clock network delay (ideal)
   0.00    0.00   clock reconvergence pessimism
           0.00 ^ _73349_/CLK (sky130_fd_sc_hd__dfrtp_4)
   0.27    0.27   library removal time
           0.27   data required time
---------------------------------------------------------
           0.27   data required time
          -1.20   data arrival time
---------------------------------------------------------
           0.93   slack (MET)


Startpoint: _73349_ (rising edge-triggered flip-flop clocked by G_CLK)
Endpoint: _36840_ (falling clock gating-check end-point clocked by G_CLK')
Path Group: **clock_gating_default**
Path Type: min

  Delay    Time   Description
---------------------------------------------------------
   0.00    0.00   clock G_CLK (rise edge)
   0.00    0.00   clock network delay (ideal)
   0.00    0.00 ^ _73349_/CLK (sky130_fd_sc_hd__dfrtp_4)
   0.23    0.23 ^ _73349_/Q (sky130_fd_sc_hd__dfrtp_4)
   0.00    0.23 ^ _36840_/B (sky130_fd_sc_hd__or2_4)
           0.23   data arrival time

  57.50   57.50   clock G_CLK' (rise edge)
   0.00   57.50   clock network delay (ideal)
   0.00   57.50   clock reconvergence pessimism
          57.50 ^ _36840_/A (sky130_fd_sc_hd__or2_4)
   0.00   57.50   clock gating hold time
          57.50   data required time
---------------------------------------------------------
          57.50   data required time
          -0.23   data arrival time
---------------------------------------------------------
         -57.27   slack (VIOLATED)


Startpoint: _76089_ (rising edge-triggered flip-flop clocked by G_CLK)
Endpoint: _76089_ (rising edge-triggered flip-flop clocked by G_CLK)
Path Group: G_CLK
Path Type: min

  Delay    Time   Description
---------------------------------------------------------
   0.00    0.00   clock G_CLK (rise edge)
   0.00    0.00   clock network delay (ideal)
   0.00    0.00 ^ _76089_/CLK (sky130_fd_sc_hd__dfrtp_4)
   0.24    0.24 ^ _76089_/Q (sky130_fd_sc_hd__dfrtp_4)
   0.05    0.29 ^ _61061_/X (sky130_fd_sc_hd__o21a_4)
   0.00    0.29 ^ _76089_/D (sky130_fd_sc_hd__dfrtp_4)
           0.29   data arrival time

   0.00    0.00   clock G_CLK (rise edge)
   0.00    0.00   clock network delay (ideal)
   0.00    0.00   clock reconvergence pessimism
           0.00 ^ _76089_/CLK (sky130_fd_sc_hd__dfrtp_4)
  -0.02   -0.02   library hold time
          -0.02   data required time
---------------------------------------------------------
          -0.02   data required time
          -0.29   data arrival time
---------------------------------------------------------
           0.31   slack (MET)


Startpoint: DS (input port clocked by G_CLK)
Endpoint: _78336_ (recovery check against rising-edge clock G_CLK')
Path Group: **async_default**
Path Type: max

  Delay    Time   Description
---------------------------------------------------------
   0.00    0.00   clock G_CLK (rise edge)
   0.00    0.00   clock network delay (ideal)
  23.00   23.00 v input external delay
   0.02   23.02 v DS (in)
   0.28   23.30 v _36740_/X (sky130_fd_sc_hd__buf_1)
   0.38   23.69 v _36741_/X (sky130_fd_sc_hd__buf_1)
   0.41   24.10 v _36742_/X (sky130_fd_sc_hd__buf_1)
   0.41   24.51 v _36743_/X (sky130_fd_sc_hd__buf_1)
   0.38   24.88 v _36744_/X (sky130_fd_sc_hd__buf_1)
   0.32   25.20 v _36745_/X (sky130_fd_sc_hd__buf_1)
   0.37   25.57 v _36746_/X (sky130_fd_sc_hd__buf_1)
   0.51   26.08 v _70318_/X (sky130_fd_sc_hd__buf_1)
   0.31   26.39 ^ _73314_/Y (sky130_fd_sc_hd__nor2_4)
  47.22   73.61 ^ _73315_/X (sky130_fd_sc_hd__a21o_4)
  18.49   92.11 ^ _78336_/RESET_B (sky130_fd_sc_hd__dfrtp_4)
          92.11   data arrival time

  57.50   57.50   clock G_CLK' (rise edge)
   0.00   57.50   clock network delay (ideal)
   0.00   57.50   clock reconvergence pessimism
          57.50 ^ _78336_/CLK (sky130_fd_sc_hd__dfrtp_4)
 -55.30    2.20   library recovery time
           2.20   data required time
---------------------------------------------------------
           2.20   data required time
         -92.11   data arrival time
---------------------------------------------------------
         -89.91   slack (VIOLATED)


Startpoint: _73349_ (rising edge-triggered flip-flop clocked by G_CLK)
Endpoint: _36840_ (falling clock gating-check end-point clocked by G_CLK')
Path Group: **clock_gating_default**
Path Type: max

  Delay    Time   Description
---------------------------------------------------------
   0.00    0.00   clock G_CLK (rise edge)
   0.00    0.00   clock network delay (ideal)
   0.00    0.00 ^ _73349_/CLK (sky130_fd_sc_hd__dfrtp_4)
   0.92    0.92 v _73349_/Q (sky130_fd_sc_hd__dfrtp_4)
   0.00    0.92 v _36840_/B (sky130_fd_sc_hd__or2_4)
           0.92   data arrival time

 115.00  115.00   clock G_CLK' (fall edge)
   0.00  115.00   clock network delay (ideal)
   0.00  115.00   clock reconvergence pessimism
         115.00 v _36840_/A (sky130_fd_sc_hd__or2_4)
   0.00  115.00   clock gating setup time
         115.00   data required time
---------------------------------------------------------
         115.00   data required time
          -0.92   data arrival time
---------------------------------------------------------
         114.08   slack (MET)


Startpoint: DCI (input port clocked by G_CLK)
Endpoint: _74549_ (rising edge-triggered flip-flop clocked by G_CLK')
Path Group: G_CLK
Path Type: max

  Delay    Time   Description
---------------------------------------------------------
   0.00    0.00   clock G_CLK (rise edge)
   0.00    0.00   clock network delay (ideal)
  23.00   23.00 v input external delay
   0.02   23.02 v DCI (in)
   0.07   23.09 ^ _36975_/Y (sky130_fd_sc_hd__inv_8)
   0.19   23.28 ^ _36976_/X (sky130_fd_sc_hd__or2_4)
   0.52   23.80 ^ _36977_/X (sky130_fd_sc_hd__buf_1)
   0.17   23.96 v _67418_/Y (sky130_fd_sc_hd__inv_8)
   0.66   24.62 v _67420_/X (sky130_fd_sc_hd__a211o_4)
   0.08   24.70 ^ _67421_/Y (sky130_fd_sc_hd__inv_8)
   0.20   24.90 ^ _67422_/X (sky130_fd_sc_hd__or2_4)
   0.65   25.55 ^ _67434_/X (sky130_fd_sc_hd__buf_1)
   0.49   26.05 ^ _67464_/X (sky130_fd_sc_hd__o21a_4)
   0.24   26.28 ^ _67466_/X (sky130_fd_sc_hd__o21a_4)
   0.09   26.37 v _67468_/Y (sky130_fd_sc_hd__o21ai_4)
   0.00   26.37 v _74549_/D (sky130_fd_sc_hd__dfrtp_4)
          26.37   data arrival time

  57.50   57.50   clock G_CLK' (rise edge)
   0.00   57.50   clock network delay (ideal)
   0.00   57.50   clock reconvergence pessimism
          57.50 ^ _74549_/CLK (sky130_fd_sc_hd__dfrtp_4)
  -0.32   57.18   library setup time
          57.18   data required time
---------------------------------------------------------
          57.18   data required time
         -26.37   data arrival time
---------------------------------------------------------
          30.81   slack (MET)


