Startpoint: _74128_ (rising edge-triggered flip-flop clocked by G_CLK)
Endpoint: _73349_ (removal check against rising-edge clock G_CLK)
Path Group: **async_default**
Path Type: min

  Delay    Time   Description
---------------------------------------------------------
   0.00    0.00   clock G_CLK (rise edge)
   0.00    0.00   clock network delay (ideal)
   0.00    0.00 ^ _74128_/CLK (sky130_fd_sc_hd__dfrtp_4)
   0.28    0.28 v _74128_/Q (sky130_fd_sc_hd__dfrtp_4)
   0.23    0.51 v _69567_/X (sky130_fd_sc_hd__or3_4)
   0.15    0.67 v _69570_/X (sky130_fd_sc_hd__or2_4)
   0.10    0.77 v _69571_/X (sky130_fd_sc_hd__buf_1)
   0.04    0.81 ^ _69572_/Y (sky130_fd_sc_hd__inv_8)
   0.15    0.96 ^ _69573_/X (sky130_fd_sc_hd__buf_1)
   0.21    1.17 ^ _69574_/X (sky130_fd_sc_hd__buf_1)
   0.00    1.17 ^ _73349_/RESET_B (sky130_fd_sc_hd__dfrtp_4)
           1.17   data arrival time

   0.00    0.00   clock G_CLK (rise edge)
   0.00    0.00   clock network delay (ideal)
   0.00    0.00   clock reconvergence pessimism
           0.00 ^ _73349_/CLK (sky130_fd_sc_hd__dfrtp_4)
   0.25    0.25   library removal time
           0.25   data required time
---------------------------------------------------------
           0.25   data required time
          -1.17   data arrival time
---------------------------------------------------------
           0.92   slack (MET)


Startpoint: _73349_ (rising edge-triggered flip-flop clocked by G_CLK)
Endpoint: _36840_ (falling clock gating-check end-point clocked by G_CLK')
Path Group: **clock_gating_default**
Path Type: min

  Delay    Time   Description
---------------------------------------------------------
   0.00    0.00   clock G_CLK (rise edge)
   0.00    0.00   clock network delay (ideal)
   0.00    0.00 ^ _73349_/CLK (sky130_fd_sc_hd__dfrtp_4)
   0.23    0.23 ^ _73349_/Q (sky130_fd_sc_hd__dfrtp_4)
   0.00    0.23 ^ _36840_/B (sky130_fd_sc_hd__or2_4)
           0.23   data arrival time

  57.50   57.50   clock G_CLK' (rise edge)
   0.00   57.50   clock network delay (ideal)
   0.00   57.50   clock reconvergence pessimism
          57.50 ^ _36840_/A (sky130_fd_sc_hd__or2_4)
   0.00   57.50   clock gating hold time
          57.50   data required time
---------------------------------------------------------
          57.50   data required time
          -0.23   data arrival time
---------------------------------------------------------
         -57.27   slack (VIOLATED)


Startpoint: _76089_ (rising edge-triggered flip-flop clocked by G_CLK)
Endpoint: _76089_ (rising edge-triggered flip-flop clocked by G_CLK)
Path Group: G_CLK
Path Type: min

  Delay    Time   Description
---------------------------------------------------------
   0.00    0.00   clock G_CLK (rise edge)
   0.00    0.00   clock network delay (ideal)
   0.00    0.00 ^ _76089_/CLK (sky130_fd_sc_hd__dfrtp_4)
   0.24    0.24 ^ _76089_/Q (sky130_fd_sc_hd__dfrtp_4)
   0.06    0.29 ^ _61061_/X (sky130_fd_sc_hd__o21a_4)
   0.00    0.29 ^ _76089_/D (sky130_fd_sc_hd__dfrtp_4)
           0.29   data arrival time

   0.00    0.00   clock G_CLK (rise edge)
   0.00    0.00   clock network delay (ideal)
   0.00    0.00   clock reconvergence pessimism
           0.00 ^ _76089_/CLK (sky130_fd_sc_hd__dfrtp_4)
  -0.02   -0.02   library hold time
          -0.02   data required time
---------------------------------------------------------
          -0.02   data required time
          -0.29   data arrival time
---------------------------------------------------------
           0.31   slack (MET)


Startpoint: DS (input port clocked by G_CLK)
Endpoint: _76557_ (recovery check against rising-edge clock G_CLK')
Path Group: **async_default**
Path Type: max

  Delay    Time   Description
---------------------------------------------------------
   0.00    0.00   clock G_CLK (rise edge)
   0.00    0.00   clock network delay (ideal)
  23.00   23.00 v input external delay
   0.02   23.02 v DS (in)
   0.22   23.24 v _36740_/X (sky130_fd_sc_hd__buf_1)
   0.26   23.50 v _36741_/X (sky130_fd_sc_hd__buf_1)
   0.27   23.77 v _36742_/X (sky130_fd_sc_hd__buf_1)
   0.28   24.05 v _36743_/X (sky130_fd_sc_hd__buf_1)
   0.29   24.34 v _36744_/X (sky130_fd_sc_hd__buf_1)
   0.27   24.61 v _36745_/X (sky130_fd_sc_hd__buf_1)
   0.29   24.90 v _36746_/X (sky130_fd_sc_hd__buf_1)
   0.40   25.30 v _70318_/X (sky130_fd_sc_hd__buf_1)
   0.25   25.55 ^ _73314_/Y (sky130_fd_sc_hd__nor2_4)
   0.69   26.25 ^ _73315_/X (sky130_fd_sc_hd__a21o_4)
   0.44   26.68 ^ psn_inst_psn_buff_2229/X (sky130_fd_sc_hd__buf_1)
   0.77   27.46 ^ psn_inst_psn_buff_2231/X (sky130_fd_sc_hd__buf_8)
   0.89   28.34 ^ psn_inst_psn_buff_2246/X (sky130_fd_sc_hd__buf_8)
   0.67   29.01 ^ psn_inst_psn_buff_2553/X (sky130_fd_sc_hd__buf_4)
   0.34   29.35 ^ psn_inst_psn_buff_2554/X (sky130_fd_sc_hd__buf_1)
   0.00   29.35 ^ _76557_/SET_B (sky130_fd_sc_hd__dfstp_4)
          29.35   data arrival time

  57.50   57.50   clock G_CLK' (rise edge)
   0.00   57.50   clock network delay (ideal)
   0.00   57.50   clock reconvergence pessimism
          57.50 ^ _76557_/CLK (sky130_fd_sc_hd__dfstp_4)
   0.23   57.73   library recovery time
          57.73   data required time
---------------------------------------------------------
          57.73   data required time
         -29.35   data arrival time
---------------------------------------------------------
          28.38   slack (MET)


Startpoint: _73349_ (rising edge-triggered flip-flop clocked by G_CLK)
Endpoint: _36840_ (falling clock gating-check end-point clocked by G_CLK')
Path Group: **clock_gating_default**
Path Type: max

  Delay    Time   Description
---------------------------------------------------------
   0.00    0.00   clock G_CLK (rise edge)
   0.00    0.00   clock network delay (ideal)
   0.00    0.00 ^ _73349_/CLK (sky130_fd_sc_hd__dfrtp_4)
   0.92    0.92 v _73349_/Q (sky130_fd_sc_hd__dfrtp_4)
   0.00    0.92 v _36840_/B (sky130_fd_sc_hd__or2_4)
           0.92   data arrival time

 115.00  115.00   clock G_CLK' (fall edge)
   0.00  115.00   clock network delay (ideal)
   0.00  115.00   clock reconvergence pessimism
         115.00 v _36840_/A (sky130_fd_sc_hd__or2_4)
   0.00  115.00   clock gating setup time
         115.00   data required time
---------------------------------------------------------
         115.00   data required time
          -0.92   data arrival time
---------------------------------------------------------
         114.08   slack (MET)


Startpoint: DCI (input port clocked by G_CLK)
Endpoint: _74549_ (rising edge-triggered flip-flop clocked by G_CLK')
Path Group: G_CLK
Path Type: max

  Delay    Time   Description
---------------------------------------------------------
   0.00    0.00   clock G_CLK (rise edge)
   0.00    0.00   clock network delay (ideal)
  23.00   23.00 v input external delay
   0.02   23.02 v DCI (in)
   0.06   23.09 ^ _36975_/Y (sky130_fd_sc_hd__inv_8)
   0.19   23.28 ^ _36976_/X (sky130_fd_sc_hd__or2_4)
   0.51   23.79 ^ _36977_/X (sky130_fd_sc_hd__buf_1)
   0.17   23.96 v _67418_/Y (sky130_fd_sc_hd__inv_8)
   0.66   24.61 v _67420_/X (sky130_fd_sc_hd__a211o_4)
   0.08   24.69 ^ _67421_/Y (sky130_fd_sc_hd__inv_8)
   0.19   24.89 ^ _67422_/X (sky130_fd_sc_hd__or2_4)
   0.65   25.53 ^ _67434_/X (sky130_fd_sc_hd__buf_1)
   0.47   26.00 ^ _67464_/X (sky130_fd_sc_hd__o21a_4)
   0.24   26.24 ^ _67466_/X (sky130_fd_sc_hd__o21a_4)
   0.08   26.32 v _67468_/Y (sky130_fd_sc_hd__o21ai_4)
   0.00   26.32 v _74549_/D (sky130_fd_sc_hd__dfrtp_4)
          26.32   data arrival time

  57.50   57.50   clock G_CLK' (rise edge)
   0.00   57.50   clock network delay (ideal)
   0.00   57.50   clock reconvergence pessimism
          57.50 ^ _74549_/CLK (sky130_fd_sc_hd__dfrtp_4)
  -0.31   57.19   library setup time
          57.19   data required time
---------------------------------------------------------
          57.19   data required time
         -26.32   data arrival time
---------------------------------------------------------
          30.86   slack (MET)


