OpenROAD 0.9.0 e582f2522b
This program is licensed under the BSD-3 license. See the LICENSE file for details. 
Components of this program may be licensed under more restrictive licenses which must be honored.
Warning: /home/mk/foss/pdks/sky130A/libs.ref/sky130_fd_sc_hd/lib/sky130_fd_sc_hd__tt_025C_1v80.lib, line 31 default_operating_condition tt_025C_1v80 not found.
Notice 0: Reading LEF file:  /openLANE_flow/designs/nm/runs/02-11_06-56/tmp/merged.lef
Notice 0:     Created 11 technology layers
Notice 0:     Created 25 technology vias
Notice 0:     Created 437 library cells
Notice 0: Finished LEF file:  /openLANE_flow/designs/nm/runs/02-11_06-56/tmp/merged.lef
Warning: LEF macro sky130_fd_sc_hd__lpflow_lsbuf_lh_hl_isowell_tap_1 pin VPB missing from liberty cell
Warning: LEF macro sky130_fd_sc_hd__lpflow_lsbuf_lh_hl_isowell_tap_2 pin VPB missing from liberty cell
Warning: LEF macro sky130_fd_sc_hd__lpflow_lsbuf_lh_hl_isowell_tap_4 pin VPB missing from liberty cell
Warning: LEF macro sky130_fd_sc_hd__lpflow_lsbuf_lh_isowell_tap_1 pin VPB missing from liberty cell
Warning: LEF macro sky130_fd_sc_hd__lpflow_lsbuf_lh_isowell_tap_2 pin VPB missing from liberty cell
Warning: LEF macro sky130_fd_sc_hd__lpflow_lsbuf_lh_isowell_tap_4 pin VPB missing from liberty cell
Warning: /openLANE_flow/designs/nm/runs/02-11_06-56/results/synthesis/nm.synthesis.v, line 346719 module vector256 not found.  Creating black box for \cluster1.n1.proto .
Warning: LEF macro sky130_fd_sc_hd__lpflow_lsbuf_lh_hl_isowell_tap_1 pin VPB missing from liberty cell
Warning: LEF macro sky130_fd_sc_hd__lpflow_lsbuf_lh_hl_isowell_tap_2 pin VPB missing from liberty cell
Warning: LEF macro sky130_fd_sc_hd__lpflow_lsbuf_lh_hl_isowell_tap_4 pin VPB missing from liberty cell
Warning: LEF macro sky130_fd_sc_hd__lpflow_lsbuf_lh_isowell_tap_1 pin VPB missing from liberty cell
Warning: LEF macro sky130_fd_sc_hd__lpflow_lsbuf_lh_isowell_tap_2 pin VPB missing from liberty cell
Warning: LEF macro sky130_fd_sc_hd__lpflow_lsbuf_lh_isowell_tap_4 pin VPB missing from liberty cell
Info: Added 513 rows of 3037 sites.
[INFO] Extracting DIE_AREA and CORE_AREA from the floorplan
[INFO] Floorplanned on a die area of 0.0 0.0 1408.28 1419.0 (microns). Saving to /openLANE_flow/designs/nm/runs/02-11_06-56/reports/floorplan/verilog2def.die_area.rpt.
[INFO] Floorplanned on a core area of 5.52 10.88 1402.54 1406.24 (microns). Saving to /openLANE_flow/designs/nm/runs/02-11_06-56/reports/floorplan/verilog2def.core_area.rpt.
