
Magic 8.3 revision 64 - Compiled on Fri Oct  9 12:13:18 UTC 2020.
Starting magic under Tcl interpreter
Using the terminal as the console.
Using NULL graphics device.
Processing system .magicrc file
Sourcing design .magicrc for technology sky130A ...
2 Magic internal units = 1 Lambda
Input style sky130: scaleFactor=2, multiplier=2
Scaled tech values by 2 / 1 to match internal grid scaling
Loading sky130A Device Generator Menu ...
Loading "/openLANE_flow/scripts/magic_drc.tcl" from command line.
Reading LEF data from file /home/aag/latest_pdk//sky130A/libs.ref/sky130_fd_sc_hd/techlef/sky130_fd_sc_hd.tlef.
This action cannot be undone.
LEF read, Line 61 (Message): Unknown keyword "ANTENNAMODEL" in LEF file; ignoring.
LEF read, Line 62 (Message): Unknown keyword "ANTENNADIFFSIDEAREARATIO" in LEF file; ignoring.
LEF read, Line 95 (Message): Unknown keyword "ANTENNAMODEL" in LEF file; ignoring.
LEF read, Line 96 (Message): Unknown keyword "ANTENNADIFFSIDEAREARATIO" in LEF file; ignoring.
LEF read, Line 102 (Message): Unknown keyword "MAXIMUMDENSITY" in LEF file; ignoring.
LEF read, Line 103 (Message): Unknown keyword "DENSITYCHECKWINDOW" in LEF file; ignoring.
LEF read, Line 104 (Message): Unknown keyword "DENSITYCHECKSTEP" in LEF file; ignoring.
LEF read, Line 142 (Message): Unknown keyword "ANTENNAMODEL" in LEF file; ignoring.
LEF read, Line 143 (Message): Unknown keyword "ANTENNADIFFSIDEAREARATIO" in LEF file; ignoring.
LEF read, Line 145 (Message): Unknown keyword "MAXIMUMDENSITY" in LEF file; ignoring.
LEF read, Line 146 (Message): Unknown keyword "DENSITYCHECKWINDOW" in LEF file; ignoring.
LEF read, Line 147 (Message): Unknown keyword "DENSITYCHECKSTEP" in LEF file; ignoring.
LEF read, Line 183 (Message): Unknown keyword "ANTENNAMODEL" in LEF file; ignoring.
LEF read, Line 184 (Message): Unknown keyword "ANTENNADIFFSIDEAREARATIO" in LEF file; ignoring.
LEF read, Line 186 (Message): Unknown keyword "MAXIMUMDENSITY" in LEF file; ignoring.
LEF read, Line 187 (Message): Unknown keyword "DENSITYCHECKWINDOW" in LEF file; ignoring.
LEF read, Line 188 (Message): Unknown keyword "DENSITYCHECKSTEP" in LEF file; ignoring.
LEF read, Line 224 (Message): Unknown keyword "ANTENNAMODEL" in LEF file; ignoring.
LEF read, Line 225 (Message): Unknown keyword "ANTENNADIFFSIDEAREARATIO" in LEF file; ignoring.
LEF read, Line 227 (Message): Unknown keyword "MAXIMUMDENSITY" in LEF file; ignoring.
LEF read, Line 228 (Message): Unknown keyword "DENSITYCHECKWINDOW" in LEF file; ignoring.
LEF read, Line 229 (Message): Unknown keyword "DENSITYCHECKSTEP" in LEF file; ignoring.
LEF read, Line 265 (Message): Unknown keyword "ANTENNAMODEL" in LEF file; ignoring.
LEF read, Line 266 (Message): Unknown keyword "ANTENNADIFFSIDEAREARATIO" in LEF file; ignoring.
LEF read: Processed 772 lines.
Reading DEF data from file /project/openlane/runs/nm/results/routing/nm.def.
This action cannot be undone.
  Processed 6 vias total.
  Processed 207967 subcell instances total.
  Processed 32 pins total.
  Processed 2 special nets total.
  Processed 46208 nets total.
DEF read: Processed 1016187 lines.
[INFO]: Loading nm

DRC style is now "drc(full)"
Loading DRC CIF style.
[INFO]: COUNT: 3784
[INFO]: Should be divided by 3 or 4
[INFO]: DRC Checking DONE (/project/openlane/runs/nm/logs/magic/magic.drc)
[INFO]: Saving mag view with DRC errors(/project/openlane/runs/nm/results/magic/nm.drc.mag)
[INFO]: Saved
